Analysis & Synthesis report for relogio
Sat May  7 06:07:46 2022
Quartus Prime Version 20.1.0 Build 711 06/05/2020 SJ Lite Edition


---------------------
; Table of Contents ;
---------------------
  1. Legal Notice
  2. Analysis & Synthesis Summary
  3. Analysis & Synthesis Settings
  4. Parallel Compilation
  5. Analysis & Synthesis Source Files Read
  6. Analysis & Synthesis Resource Usage Summary
  7. Analysis & Synthesis Resource Utilization by Entity
  8. General Register Statistics
  9. Multiplexer Restructuring Statistics (Restructuring Performed)
 10. Parameter Settings for User Entity Instance: Top-level Entity: |relogio
 11. Parameter Settings for User Entity Instance: memoriaROM:ROM_instrucao
 12. Parameter Settings for User Entity Instance: memoriaRAM:MemoriaRAM
 13. Parameter Settings for User Entity Instance: processadoR_aula:processador
 14. Parameter Settings for User Entity Instance: processadoR_aula:processador|muxGenerico2x1:MUX1
 15. Parameter Settings for User Entity Instance: processadoR_aula:processador|muxGenerico4x1:MUXJMP
 16. Parameter Settings for User Entity Instance: processadoR_aula:processador|bancoRegistradoresArqRegMem:bancoReg
 17. Parameter Settings for User Entity Instance: processadoR_aula:processador|flipflop:flipflop
 18. Parameter Settings for User Entity Instance: processadoR_aula:processador|registradorGenerico:End_retorno
 19. Parameter Settings for User Entity Instance: processadoR_aula:processador|registradorGenerico:PC
 20. Parameter Settings for User Entity Instance: processadoR_aula:processador|somaConstante:incrementaPC
 21. Parameter Settings for User Entity Instance: processadoR_aula:processador|ULASomaSub:ULA1
 22. Parameter Settings for User Entity Instance: flipflop:flipflop1
 23. Parameter Settings for User Entity Instance: flipflop:flipflop2
 24. Parameter Settings for User Entity Instance: registradorGenerico:registrador_8bits
 25. Parameter Settings for User Entity Instance: registradorGenerico:REG_4bit0
 26. Parameter Settings for User Entity Instance: registradorGenerico:REG_4bit1
 27. Parameter Settings for User Entity Instance: registradorGenerico:REG_4bit2
 28. Parameter Settings for User Entity Instance: registradorGenerico:REG_4bit3
 29. Parameter Settings for User Entity Instance: registradorGenerico:REG_4bit4
 30. Parameter Settings for User Entity Instance: registradorGenerico:REG_4bit5
 31. Parameter Settings for User Entity Instance: flipflop:flipflop_debounceKEY0
 32. Parameter Settings for User Entity Instance: flipflop:flipflop_debounce_KEY1
 33. Parameter Settings for User Entity Instance: flipflop:flipflop_debounceKEY2
 34. Parameter Settings for User Entity Instance: flipflop:flipflop_debounce_KEY3
 35. Parameter Settings for User Entity Instance: flipflop:flipflop_debounce_KEYTEMP
 36. Parameter Settings for User Entity Instance: divisorGenerico:divisorSec
 37. Parameter Settings for User Entity Instance: divisorGenerico:divisorFast
 38. Parameter Settings for User Entity Instance: muxBaseTempo:muxBaseTempo
 39. Port Connectivity Checks: "flipflop:flipflop_debounce_KEYTEMP"
 40. Port Connectivity Checks: "flipflop:flipflop_debounce_KEY3"
 41. Port Connectivity Checks: "flipflop:flipflop_debounceKEY2"
 42. Port Connectivity Checks: "flipflop:flipflop_debounce_KEY1"
 43. Port Connectivity Checks: "flipflop:flipflop_debounceKEY0"
 44. Port Connectivity Checks: "registradorGenerico:REG_4bit5"
 45. Port Connectivity Checks: "registradorGenerico:REG_4bit4"
 46. Port Connectivity Checks: "registradorGenerico:REG_4bit3"
 47. Port Connectivity Checks: "registradorGenerico:REG_4bit2"
 48. Port Connectivity Checks: "registradorGenerico:REG_4bit1"
 49. Port Connectivity Checks: "registradorGenerico:REG_4bit0"
 50. Port Connectivity Checks: "conversorHex7Seg:decoder_binario5"
 51. Port Connectivity Checks: "conversorHex7Seg:decoder_binario4"
 52. Port Connectivity Checks: "conversorHex7Seg:decoder_binario3"
 53. Port Connectivity Checks: "conversorHex7Seg:decoder_binario2"
 54. Port Connectivity Checks: "conversorHex7Seg:decoder_binario1"
 55. Port Connectivity Checks: "conversorHex7Seg:decoder_binario0"
 56. Port Connectivity Checks: "registradorGenerico:registrador_8bits"
 57. Port Connectivity Checks: "flipflop:flipflop2"
 58. Port Connectivity Checks: "flipflop:flipflop1"
 59. Port Connectivity Checks: "decoder3x8:decoder_end"
 60. Port Connectivity Checks: "decoder3x8:decoder_blocos"
 61. Port Connectivity Checks: "processadoR_aula:processador|registradorGenerico:PC"
 62. Port Connectivity Checks: "processadoR_aula:processador|registradorGenerico:End_retorno"
 63. Port Connectivity Checks: "processadoR_aula:processador|flipflop:flipflop"
 64. Port Connectivity Checks: "processadoR_aula:processador|muxGenerico4x1:MUXJMP"
 65. Post-Synthesis Netlist Statistics for Top Partition
 66. Elapsed Time Per Partition
 67. Analysis & Synthesis Messages



----------------
; Legal Notice ;
----------------
Copyright (C) 2020  Intel Corporation. All rights reserved.
Your use of Intel Corporation's design tools, logic functions 
and other software and tools, and any partner logic 
functions, and any output files from any of the foregoing 
(including device programming or simulation files), and any 
associated documentation or information are expressly subject 
to the terms and conditions of the Intel Program License 
Subscription Agreement, the Intel Quartus Prime License Agreement,
the Intel FPGA IP License Agreement, or other applicable license
agreement, including, without limitation, that your use is for
the sole purpose of programming logic devices manufactured by
Intel and sold by Intel or its authorized distributors.  Please
refer to the applicable agreement for further details, at
https://fpgasoftware.intel.com/eula.



+-------------------------------------------------------------------------------+
; Analysis & Synthesis Summary                                                  ;
+---------------------------------+---------------------------------------------+
; Analysis & Synthesis Status     ; Successful - Sat May  7 06:07:46 2022       ;
; Quartus Prime Version           ; 20.1.0 Build 711 06/05/2020 SJ Lite Edition ;
; Revision Name                   ; relogio                                     ;
; Top-level Entity Name           ; relogio                                     ;
; Family                          ; Cyclone V                                   ;
; Logic utilization (in ALMs)     ; N/A                                         ;
; Total registers                 ; 678                                         ;
; Total pins                      ; 68                                          ;
; Total virtual pins              ; 0                                           ;
; Total block memory bits         ; 0                                           ;
; Total DSP Blocks                ; 0                                           ;
; Total HSSI RX PCSs              ; 0                                           ;
; Total HSSI PMA RX Deserializers ; 0                                           ;
; Total HSSI TX PCSs              ; 0                                           ;
; Total HSSI PMA TX Serializers   ; 0                                           ;
; Total PLLs                      ; 0                                           ;
; Total DLLs                      ; 0                                           ;
+---------------------------------+---------------------------------------------+


+---------------------------------------------------------------------------------------------------------------------------+
; Analysis & Synthesis Settings                                                                                             ;
+---------------------------------------------------------------------------------+--------------------+--------------------+
; Option                                                                          ; Setting            ; Default Value      ;
+---------------------------------------------------------------------------------+--------------------+--------------------+
; Device                                                                          ; 5CEBA4F23C7        ;                    ;
; Top-level entity name                                                           ; relogio            ; relogio            ;
; Family name                                                                     ; Cyclone V          ; Cyclone V          ;
; Maximum processors allowed for parallel compilation                             ; All                ;                    ;
; VHDL Show LMF Mapping Messages                                                  ; Off                ;                    ;
; VHDL Version                                                                    ; VHDL_2008          ; VHDL_1993          ;
; Use smart compilation                                                           ; Off                ; Off                ;
; Enable parallel Assembler and Timing Analyzer during compilation                ; On                 ; On                 ;
; Enable compact report table                                                     ; Off                ; Off                ;
; Restructure Multiplexers                                                        ; Auto               ; Auto               ;
; MLAB Add Timing Constraints For Mixed-Port Feed-Through Mode Setting Don't Care ; Off                ; Off                ;
; Create Debugging Nodes for IP Cores                                             ; Off                ; Off                ;
; Preserve fewer node names                                                       ; On                 ; On                 ;
; Intel FPGA IP Evaluation Mode                                                   ; Enable             ; Enable             ;
; Verilog Version                                                                 ; Verilog_2001       ; Verilog_2001       ;
; State Machine Processing                                                        ; Auto               ; Auto               ;
; Safe State Machine                                                              ; Off                ; Off                ;
; Extract Verilog State Machines                                                  ; On                 ; On                 ;
; Extract VHDL State Machines                                                     ; On                 ; On                 ;
; Ignore Verilog initial constructs                                               ; Off                ; Off                ;
; Iteration limit for constant Verilog loops                                      ; 5000               ; 5000               ;
; Iteration limit for non-constant Verilog loops                                  ; 250                ; 250                ;
; Add Pass-Through Logic to Inferred RAMs                                         ; On                 ; On                 ;
; Infer RAMs from Raw Logic                                                       ; On                 ; On                 ;
; Parallel Synthesis                                                              ; On                 ; On                 ;
; DSP Block Balancing                                                             ; Auto               ; Auto               ;
; NOT Gate Push-Back                                                              ; On                 ; On                 ;
; Power-Up Don't Care                                                             ; On                 ; On                 ;
; Remove Redundant Logic Cells                                                    ; Off                ; Off                ;
; Remove Duplicate Registers                                                      ; On                 ; On                 ;
; Ignore CARRY Buffers                                                            ; Off                ; Off                ;
; Ignore CASCADE Buffers                                                          ; Off                ; Off                ;
; Ignore GLOBAL Buffers                                                           ; Off                ; Off                ;
; Ignore ROW GLOBAL Buffers                                                       ; Off                ; Off                ;
; Ignore LCELL Buffers                                                            ; Off                ; Off                ;
; Ignore SOFT Buffers                                                             ; On                 ; On                 ;
; Limit AHDL Integers to 32 Bits                                                  ; Off                ; Off                ;
; Optimization Technique                                                          ; Balanced           ; Balanced           ;
; Carry Chain Length                                                              ; 70                 ; 70                 ;
; Auto Carry Chains                                                               ; On                 ; On                 ;
; Auto Open-Drain Pins                                                            ; On                 ; On                 ;
; Perform WYSIWYG Primitive Resynthesis                                           ; Off                ; Off                ;
; Auto ROM Replacement                                                            ; On                 ; On                 ;
; Auto RAM Replacement                                                            ; On                 ; On                 ;
; Auto DSP Block Replacement                                                      ; On                 ; On                 ;
; Auto Shift Register Replacement                                                 ; Auto               ; Auto               ;
; Allow Shift Register Merging across Hierarchies                                 ; Auto               ; Auto               ;
; Auto Clock Enable Replacement                                                   ; On                 ; On                 ;
; Strict RAM Replacement                                                          ; Off                ; Off                ;
; Allow Synchronous Control Signals                                               ; On                 ; On                 ;
; Force Use of Synchronous Clear Signals                                          ; Off                ; Off                ;
; Auto Resource Sharing                                                           ; Off                ; Off                ;
; Allow Any RAM Size For Recognition                                              ; Off                ; Off                ;
; Allow Any ROM Size For Recognition                                              ; Off                ; Off                ;
; Allow Any Shift Register Size For Recognition                                   ; Off                ; Off                ;
; Use LogicLock Constraints during Resource Balancing                             ; On                 ; On                 ;
; Ignore translate_off and synthesis_off directives                               ; Off                ; Off                ;
; Timing-Driven Synthesis                                                         ; On                 ; On                 ;
; Report Parameter Settings                                                       ; On                 ; On                 ;
; Report Source Assignments                                                       ; On                 ; On                 ;
; Report Connectivity Checks                                                      ; On                 ; On                 ;
; Ignore Maximum Fan-Out Assignments                                              ; Off                ; Off                ;
; Synchronization Register Chain Length                                           ; 3                  ; 3                  ;
; Power Optimization During Synthesis                                             ; Normal compilation ; Normal compilation ;
; HDL message level                                                               ; Level2             ; Level2             ;
; Suppress Register Optimization Related Messages                                 ; Off                ; Off                ;
; Number of Removed Registers Reported in Synthesis Report                        ; 5000               ; 5000               ;
; Number of Swept Nodes Reported in Synthesis Report                              ; 5000               ; 5000               ;
; Number of Inverted Registers Reported in Synthesis Report                       ; 100                ; 100                ;
; Clock MUX Protection                                                            ; On                 ; On                 ;
; Auto Gated Clock Conversion                                                     ; Off                ; Off                ;
; Block Design Naming                                                             ; Auto               ; Auto               ;
; SDC constraint protection                                                       ; Off                ; Off                ;
; Synthesis Effort                                                                ; Auto               ; Auto               ;
; Shift Register Replacement - Allow Asynchronous Clear Signal                    ; On                 ; On                 ;
; Pre-Mapping Resynthesis Optimization                                            ; Off                ; Off                ;
; Analysis & Synthesis Message Level                                              ; Medium             ; Medium             ;
; Disable Register Merging Across Hierarchies                                     ; Auto               ; Auto               ;
; Resource Aware Inference For Block RAM                                          ; On                 ; On                 ;
; Automatic Parallel Synthesis                                                    ; On                 ; On                 ;
; Partial Reconfiguration Bitstream ID                                            ; Off                ; Off                ;
+---------------------------------------------------------------------------------+--------------------+--------------------+


+------------------------------------------+
; Parallel Compilation                     ;
+----------------------------+-------------+
; Processors                 ; Number      ;
+----------------------------+-------------+
; Number detected on machine ; 8           ;
; Maximum allowed            ; 4           ;
;                            ;             ;
; Average used               ; 1.00        ;
; Maximum used               ; 4           ;
;                            ;             ;
; Usage by Processor         ; % Time Used ;
;     Processor 1            ; 100.0%      ;
;     Processor 2            ;   0.0%      ;
;     Processor 3            ;   0.0%      ;
;     Processor 4            ;   0.0%      ;
+----------------------------+-------------+


+-------------------------------------------------------------------------------------------------------------------------------------------------------------------+
; Analysis & Synthesis Source Files Read                                                                                                                            ;
+----------------------------------+-----------------+-----------------+----------------------------------------------------------------------------------+---------+
; File Name with User-Entered Path ; Used in Netlist ; File Type       ; File Name with Absolute Path                                                     ; Library ;
+----------------------------------+-----------------+-----------------+----------------------------------------------------------------------------------+---------+
; ULASomaSub.vhd                   ; yes             ; User VHDL File  ; /home/daniel/Desktop/descompPROJ1/projetoRelogio/ULASomaSub.vhd                  ;         ;
; somaConstante.vhd                ; yes             ; User VHDL File  ; /home/daniel/Desktop/descompPROJ1/projetoRelogio/somaConstante.vhd               ;         ;
; relogio.vhd                      ; yes             ; User VHDL File  ; /home/daniel/Desktop/descompPROJ1/projetoRelogio/relogio.vhd                     ;         ;
; registradorGenerico.vhd          ; yes             ; User VHDL File  ; /home/daniel/Desktop/descompPROJ1/projetoRelogio/registradorGenerico.vhd         ;         ;
; processador_aula.vhd             ; yes             ; User VHDL File  ; /home/daniel/Desktop/descompPROJ1/projetoRelogio/processador_aula.vhd            ;         ;
; muxGenerico4x1.vhd               ; yes             ; User VHDL File  ; /home/daniel/Desktop/descompPROJ1/projetoRelogio/muxGenerico4x1.vhd              ;         ;
; muxGenerico2x1.vhd               ; yes             ; User VHDL File  ; /home/daniel/Desktop/descompPROJ1/projetoRelogio/muxGenerico2x1.vhd              ;         ;
; memoriaROM.vhd                   ; yes             ; User VHDL File  ; /home/daniel/Desktop/descompPROJ1/projetoRelogio/memoriaROM.vhd                  ;         ;
; memoriaRAM.vhd                   ; yes             ; User VHDL File  ; /home/daniel/Desktop/descompPROJ1/projetoRelogio/memoriaRAM.vhd                  ;         ;
; flipflop.vhd                     ; yes             ; User VHDL File  ; /home/daniel/Desktop/descompPROJ1/projetoRelogio/flipflop.vhd                    ;         ;
; edgeDetector.vhd                 ; yes             ; User VHDL File  ; /home/daniel/Desktop/descompPROJ1/projetoRelogio/edgeDetector.vhd                ;         ;
; decoder3x8.vhd                   ; yes             ; User VHDL File  ; /home/daniel/Desktop/descompPROJ1/projetoRelogio/decoder3x8.vhd                  ;         ;
; decoder.vhd                      ; yes             ; User VHDL File  ; /home/daniel/Desktop/descompPROJ1/projetoRelogio/decoder.vhd                     ;         ;
; conversorHex7Seg.vhd             ; yes             ; User VHDL File  ; /home/daniel/Desktop/descompPROJ1/projetoRelogio/conversorHex7Seg.vhd            ;         ;
; buffer_3_state_8portas.vhd       ; yes             ; User VHDL File  ; /home/daniel/Desktop/descompPROJ1/projetoRelogio/buffer_3_state_8portas.vhd      ;         ;
; buffer_3_state_1porta.vhd        ; yes             ; User VHDL File  ; /home/daniel/Desktop/descompPROJ1/projetoRelogio/buffer_3_state_1porta.vhd       ;         ;
; bancoRegistradoresArqRegMem.vhd  ; yes             ; User VHDL File  ; /home/daniel/Desktop/descompPROJ1/projetoRelogio/bancoRegistradoresArqRegMem.vhd ;         ;
; divisorGenerico.vhd              ; yes             ; User VHDL File  ; /home/daniel/Desktop/descompPROJ1/projetoRelogio/divisorGenerico.vhd             ;         ;
; muxBaseTempo.vhd                 ; yes             ; User VHDL File  ; /home/daniel/Desktop/descompPROJ1/projetoRelogio/muxBaseTempo.vhd                ;         ;
+----------------------------------+-----------------+-----------------+----------------------------------------------------------------------------------+---------+


+--------------------------------------------------------------+
; Analysis & Synthesis Resource Usage Summary                  ;
+---------------------------------------------+----------------+
; Resource                                    ; Usage          ;
+---------------------------------------------+----------------+
; Estimate of Logic utilization (ALMs needed) ; 623            ;
;                                             ;                ;
; Combinational ALUT usage for logic          ; 679            ;
;     -- 7 input functions                    ; 48             ;
;     -- 6 input functions                    ; 383            ;
;     -- 5 input functions                    ; 42             ;
;     -- 4 input functions                    ; 68             ;
;     -- <=3 input functions                  ; 138            ;
;                                             ;                ;
; Dedicated logic registers                   ; 678            ;
;                                             ;                ;
; I/O pins                                    ; 68             ;
;                                             ;                ;
; Total DSP Blocks                            ; 0              ;
;                                             ;                ;
; Maximum fan-out node                        ; CLOCK_50~input ;
; Maximum fan-out                             ; 673            ;
; Total fan-out                               ; 5668           ;
; Average fan-out                             ; 3.80           ;
+---------------------------------------------+----------------+


+---------------------------------------------------------------------------------------------------------------------------------------------------------------------------------------------------------------------------------------------------------------------------------+
; Analysis & Synthesis Resource Utilization by Entity                                                                                                                                                                                                                             ;
+----------------------------------------------+---------------------+---------------------------+-------------------+------------+------+--------------+----------------------------------------------------------------------------+-----------------------------+--------------+
; Compilation Hierarchy Node                   ; Combinational ALUTs ; Dedicated Logic Registers ; Block Memory Bits ; DSP Blocks ; Pins ; Virtual Pins ; Full Hierarchy Name                                                        ; Entity Name                 ; Library Name ;
+----------------------------------------------+---------------------+---------------------------+-------------------+------------+------+--------------+----------------------------------------------------------------------------+-----------------------------+--------------+
; |relogio                                     ; 679 (39)            ; 678 (0)                   ; 0                 ; 0          ; 68   ; 0            ; |relogio                                                                   ; relogio                     ; work         ;
;    |conversorHex7Seg:decoder_binario0|       ; 7 (7)               ; 0 (0)                     ; 0                 ; 0          ; 0    ; 0            ; |relogio|conversorHex7Seg:decoder_binario0                                 ; conversorHex7Seg            ; work         ;
;    |conversorHex7Seg:decoder_binario1|       ; 7 (7)               ; 0 (0)                     ; 0                 ; 0          ; 0    ; 0            ; |relogio|conversorHex7Seg:decoder_binario1                                 ; conversorHex7Seg            ; work         ;
;    |conversorHex7Seg:decoder_binario2|       ; 7 (7)               ; 0 (0)                     ; 0                 ; 0          ; 0    ; 0            ; |relogio|conversorHex7Seg:decoder_binario2                                 ; conversorHex7Seg            ; work         ;
;    |conversorHex7Seg:decoder_binario3|       ; 7 (7)               ; 0 (0)                     ; 0                 ; 0          ; 0    ; 0            ; |relogio|conversorHex7Seg:decoder_binario3                                 ; conversorHex7Seg            ; work         ;
;    |conversorHex7Seg:decoder_binario4|       ; 7 (7)               ; 0 (0)                     ; 0                 ; 0          ; 0    ; 0            ; |relogio|conversorHex7Seg:decoder_binario4                                 ; conversorHex7Seg            ; work         ;
;    |conversorHex7Seg:decoder_binario5|       ; 7 (7)               ; 0 (0)                     ; 0                 ; 0          ; 0    ; 0            ; |relogio|conversorHex7Seg:decoder_binario5                                 ; conversorHex7Seg            ; work         ;
;    |divisorGenerico:divisorFast|             ; 18 (18)             ; 15 (15)                   ; 0                 ; 0          ; 0    ; 0            ; |relogio|divisorGenerico:divisorFast                                       ; divisorGenerico             ; work         ;
;    |divisorGenerico:divisorSec|              ; 33 (33)             ; 26 (26)                   ; 0                 ; 0          ; 0    ; 0            ; |relogio|divisorGenerico:divisorSec                                        ; divisorGenerico             ; work         ;
;    |edgeDetector:edgeDetector1|              ; 2 (2)               ; 1 (1)                     ; 0                 ; 0          ; 0    ; 0            ; |relogio|edgeDetector:edgeDetector1                                        ; edgeDetector                ; work         ;
;    |edgeDetector:edgeDetector2|              ; 2 (2)               ; 1 (1)                     ; 0                 ; 0          ; 0    ; 0            ; |relogio|edgeDetector:edgeDetector2                                        ; edgeDetector                ; work         ;
;    |edgeDetector:edgeDetector3|              ; 2 (2)               ; 1 (1)                     ; 0                 ; 0          ; 0    ; 0            ; |relogio|edgeDetector:edgeDetector3                                        ; edgeDetector                ; work         ;
;    |flipflop:flipflop1|                      ; 1 (1)               ; 1 (1)                     ; 0                 ; 0          ; 0    ; 0            ; |relogio|flipflop:flipflop1                                                ; flipflop                    ; work         ;
;    |flipflop:flipflop2|                      ; 1 (1)               ; 1 (1)                     ; 0                 ; 0          ; 0    ; 0            ; |relogio|flipflop:flipflop2                                                ; flipflop                    ; work         ;
;    |flipflop:flipflop_debounceKEY0|          ; 0 (0)               ; 1 (1)                     ; 0                 ; 0          ; 0    ; 0            ; |relogio|flipflop:flipflop_debounceKEY0                                    ; flipflop                    ; work         ;
;    |flipflop:flipflop_debounceKEY2|          ; 0 (0)               ; 1 (1)                     ; 0                 ; 0          ; 0    ; 0            ; |relogio|flipflop:flipflop_debounceKEY2                                    ; flipflop                    ; work         ;
;    |flipflop:flipflop_debounce_KEY1|         ; 0 (0)               ; 1 (1)                     ; 0                 ; 0          ; 0    ; 0            ; |relogio|flipflop:flipflop_debounce_KEY1                                   ; flipflop                    ; work         ;
;    |flipflop:flipflop_debounce_KEY3|         ; 0 (0)               ; 1 (1)                     ; 0                 ; 0          ; 0    ; 0            ; |relogio|flipflop:flipflop_debounce_KEY3                                   ; flipflop                    ; work         ;
;    |flipflop:flipflop_debounce_KEYTEMP|      ; 0 (0)               ; 1 (1)                     ; 0                 ; 0          ; 0    ; 0            ; |relogio|flipflop:flipflop_debounce_KEYTEMP                                ; flipflop                    ; work         ;
;    |memoriaRAM:MemoriaRAM|                   ; 298 (298)           ; 512 (512)                 ; 0                 ; 0          ; 0    ; 0            ; |relogio|memoriaRAM:MemoriaRAM                                             ; memoriaRAM                  ; work         ;
;    |memoriaROM:ROM_instrucao|                ; 156 (156)           ; 0 (0)                     ; 0                 ; 0          ; 0    ; 0            ; |relogio|memoriaROM:ROM_instrucao                                          ; memoriaROM                  ; work         ;
;    |muxBaseTempo:muxBaseTempo|               ; 1 (1)               ; 0 (0)                     ; 0                 ; 0          ; 0    ; 0            ; |relogio|muxBaseTempo:muxBaseTempo                                         ; muxBaseTempo                ; work         ;
;    |processadoR_aula:processador|            ; 84 (0)              ; 83 (0)                    ; 0                 ; 0          ; 0    ; 0            ; |relogio|processadoR_aula:processador                                      ; processadoR_aula            ; work         ;
;       |ULASomaSub:ULA1|                      ; 16 (16)             ; 0 (0)                     ; 0                 ; 0          ; 0    ; 0            ; |relogio|processadoR_aula:processador|ULASomaSub:ULA1                      ; ULASomaSub                  ; work         ;
;       |bancoRegistradoresArqRegMem:bancoReg| ; 26 (26)             ; 64 (64)                   ; 0                 ; 0          ; 0    ; 0            ; |relogio|processadoR_aula:processador|bancoRegistradoresArqRegMem:bancoReg ; bancoRegistradoresArqRegMem ; work         ;
;       |decoder:decoder|                      ; 8 (8)               ; 0 (0)                     ; 0                 ; 0          ; 0    ; 0            ; |relogio|processadoR_aula:processador|decoder:decoder                      ; decoder                     ; work         ;
;       |flipflop:flipflop|                    ; 6 (6)               ; 1 (1)                     ; 0                 ; 0          ; 0    ; 0            ; |relogio|processadoR_aula:processador|flipflop:flipflop                    ; flipflop                    ; work         ;
;       |muxGenerico2x1:MUX1|                  ; 8 (8)               ; 0 (0)                     ; 0                 ; 0          ; 0    ; 0            ; |relogio|processadoR_aula:processador|muxGenerico2x1:MUX1                  ; muxGenerico2x1              ; work         ;
;       |muxGenerico4x1:MUXJMP|                ; 11 (11)             ; 0 (0)                     ; 0                 ; 0          ; 0    ; 0            ; |relogio|processadoR_aula:processador|muxGenerico4x1:MUXJMP                ; muxGenerico4x1              ; work         ;
;       |registradorGenerico:End_retorno|      ; 0 (0)               ; 9 (9)                     ; 0                 ; 0          ; 0    ; 0            ; |relogio|processadoR_aula:processador|registradorGenerico:End_retorno      ; registradorGenerico         ; work         ;
;       |registradorGenerico:PC|               ; 0 (0)               ; 9 (9)                     ; 0                 ; 0          ; 0    ; 0            ; |relogio|processadoR_aula:processador|registradorGenerico:PC               ; registradorGenerico         ; work         ;
;       |somaConstante:incrementaPC|           ; 9 (9)               ; 0 (0)                     ; 0                 ; 0          ; 0    ; 0            ; |relogio|processadoR_aula:processador|somaConstante:incrementaPC           ; somaConstante               ; work         ;
;    |registradorGenerico:REG_4bit0|           ; 0 (0)               ; 4 (4)                     ; 0                 ; 0          ; 0    ; 0            ; |relogio|registradorGenerico:REG_4bit0                                     ; registradorGenerico         ; work         ;
;    |registradorGenerico:REG_4bit1|           ; 0 (0)               ; 4 (4)                     ; 0                 ; 0          ; 0    ; 0            ; |relogio|registradorGenerico:REG_4bit1                                     ; registradorGenerico         ; work         ;
;    |registradorGenerico:REG_4bit2|           ; 0 (0)               ; 4 (4)                     ; 0                 ; 0          ; 0    ; 0            ; |relogio|registradorGenerico:REG_4bit2                                     ; registradorGenerico         ; work         ;
;    |registradorGenerico:REG_4bit3|           ; 0 (0)               ; 4 (4)                     ; 0                 ; 0          ; 0    ; 0            ; |relogio|registradorGenerico:REG_4bit3                                     ; registradorGenerico         ; work         ;
;    |registradorGenerico:REG_4bit4|           ; 0 (0)               ; 4 (4)                     ; 0                 ; 0          ; 0    ; 0            ; |relogio|registradorGenerico:REG_4bit4                                     ; registradorGenerico         ; work         ;
;    |registradorGenerico:REG_4bit5|           ; 0 (0)               ; 4 (4)                     ; 0                 ; 0          ; 0    ; 0            ; |relogio|registradorGenerico:REG_4bit5                                     ; registradorGenerico         ; work         ;
;    |registradorGenerico:registrador_8bits|   ; 0 (0)               ; 8 (8)                     ; 0                 ; 0          ; 0    ; 0            ; |relogio|registradorGenerico:registrador_8bits                             ; registradorGenerico         ; work         ;
+----------------------------------------------+---------------------+---------------------------+-------------------+------------+------+--------------+----------------------------------------------------------------------------+-----------------------------+--------------+
Note: For table entries with two numbers listed, the numbers in parentheses indicate the number of resources of the given type used by the specific entity alone. The numbers listed outside of parentheses indicate the total resources of the given type used by the specific entity and all of its sub-entities in the hierarchy.


+------------------------------------------------------+
; General Register Statistics                          ;
+----------------------------------------------+-------+
; Statistic                                    ; Value ;
+----------------------------------------------+-------+
; Total registers                              ; 678   ;
; Number of registers using Synchronous Clear  ; 39    ;
; Number of registers using Synchronous Load   ; 64    ;
; Number of registers using Asynchronous Clear ; 5     ;
; Number of registers using Asynchronous Load  ; 0     ;
; Number of registers using Clock Enable       ; 617   ;
; Number of registers using Preset             ; 0     ;
+----------------------------------------------+-------+


+------------------------------------------------------------------------------------------------------------------------------------------------------------------------------------+
; Multiplexer Restructuring Statistics (Restructuring Performed)                                                                                                                     ;
+--------------------+-----------+---------------+----------------------+------------------------+------------+----------------------------------------------------------------------+
; Multiplexer Inputs ; Bus Width ; Baseline Area ; Area if Restructured ; Saving if Restructured ; Registered ; Example Multiplexer Output                                           ;
+--------------------+-----------+---------------+----------------------+------------------------+------------+----------------------------------------------------------------------+
; 4:1                ; 9 bits    ; 18 LEs        ; 18 LEs               ; 0 LEs                  ; Yes        ; |relogio|processadoR_aula:processador|registradorGenerico:PC|DOUT[0] ;
+--------------------+-----------+---------------+----------------------+------------------------+------------+----------------------------------------------------------------------+


+-------------------------------------------------------------------------+
; Parameter Settings for User Entity Instance: Top-level Entity: |relogio ;
+----------------+-------+------------------------------------------------+
; Parameter Name ; Value ; Type                                           ;
+----------------+-------+------------------------------------------------+
; DataWidth      ; 8     ; Signed Integer                                 ;
; dataWidthRom   ; 16    ; Signed Integer                                 ;
; addrWidthRom   ; 9     ; Signed Integer                                 ;
; simulacao      ; false ; Enumerated                                     ;
+----------------+-------+------------------------------------------------+
Note: In order to hide this table in the UI and the text report file, please set the "Show Parameter Settings in Synthesis Report" option in "Analysis and Synthesis Settings -> More Settings" to "Off".


+-----------------------------------------------------------------------+
; Parameter Settings for User Entity Instance: memoriaROM:ROM_instrucao ;
+----------------+-------+----------------------------------------------+
; Parameter Name ; Value ; Type                                         ;
+----------------+-------+----------------------------------------------+
; datawidth      ; 16    ; Signed Integer                               ;
; addrwidth      ; 9     ; Signed Integer                               ;
+----------------+-------+----------------------------------------------+
Note: In order to hide this table in the UI and the text report file, please set the "Show Parameter Settings in Synthesis Report" option in "Analysis and Synthesis Settings -> More Settings" to "Off".


+--------------------------------------------------------------------+
; Parameter Settings for User Entity Instance: memoriaRAM:MemoriaRAM ;
+----------------+-------+-------------------------------------------+
; Parameter Name ; Value ; Type                                      ;
+----------------+-------+-------------------------------------------+
; datawidth      ; 8     ; Signed Integer                            ;
; addrwidth      ; 6     ; Signed Integer                            ;
+----------------+-------+-------------------------------------------+
Note: In order to hide this table in the UI and the text report file, please set the "Show Parameter Settings in Synthesis Report" option in "Analysis and Synthesis Settings -> More Settings" to "Off".


+---------------------------------------------------------------------------+
; Parameter Settings for User Entity Instance: processadoR_aula:processador ;
+--------------------+-------+----------------------------------------------+
; Parameter Name     ; Value ; Type                                         ;
+--------------------+-------+----------------------------------------------+
; larguradados       ; 8     ; Signed Integer                               ;
; larguraenderecos   ; 9     ; Signed Integer                               ;
; tamanhorom         ; 9     ; Signed Integer                               ;
; dadorom            ; 16    ; Signed Integer                               ;
; dadoram            ; 8     ; Signed Integer                               ;
; widthaddrbancoregs ; 3     ; Signed Integer                               ;
+--------------------+-------+----------------------------------------------+
Note: In order to hide this table in the UI and the text report file, please set the "Show Parameter Settings in Synthesis Report" option in "Analysis and Synthesis Settings -> More Settings" to "Off".


+-----------------------------------------------------------------------------------------------+
; Parameter Settings for User Entity Instance: processadoR_aula:processador|muxGenerico2x1:MUX1 ;
+----------------+-------+----------------------------------------------------------------------+
; Parameter Name ; Value ; Type                                                                 ;
+----------------+-------+----------------------------------------------------------------------+
; larguradados   ; 8     ; Signed Integer                                                       ;
+----------------+-------+----------------------------------------------------------------------+
Note: In order to hide this table in the UI and the text report file, please set the "Show Parameter Settings in Synthesis Report" option in "Analysis and Synthesis Settings -> More Settings" to "Off".


+-------------------------------------------------------------------------------------------------+
; Parameter Settings for User Entity Instance: processadoR_aula:processador|muxGenerico4x1:MUXJMP ;
+----------------+-------+------------------------------------------------------------------------+
; Parameter Name ; Value ; Type                                                                   ;
+----------------+-------+------------------------------------------------------------------------+
; larguradados   ; 9     ; Signed Integer                                                         ;
+----------------+-------+------------------------------------------------------------------------+
Note: In order to hide this table in the UI and the text report file, please set the "Show Parameter Settings in Synthesis Report" option in "Analysis and Synthesis Settings -> More Settings" to "Off".


+----------------------------------------------------------------------------------------------------------------+
; Parameter Settings for User Entity Instance: processadoR_aula:processador|bancoRegistradoresArqRegMem:bancoReg ;
+---------------------+-------+----------------------------------------------------------------------------------+
; Parameter Name      ; Value ; Type                                                                             ;
+---------------------+-------+----------------------------------------------------------------------------------+
; larguradados        ; 8     ; Signed Integer                                                                   ;
; larguraendbancoregs ; 3     ; Signed Integer                                                                   ;
+---------------------+-------+----------------------------------------------------------------------------------+
Note: In order to hide this table in the UI and the text report file, please set the "Show Parameter Settings in Synthesis Report" option in "Analysis and Synthesis Settings -> More Settings" to "Off".


+---------------------------------------------------------------------------------------------+
; Parameter Settings for User Entity Instance: processadoR_aula:processador|flipflop:flipflop ;
+----------------+-------+--------------------------------------------------------------------+
; Parameter Name ; Value ; Type                                                               ;
+----------------+-------+--------------------------------------------------------------------+
; larguradados   ; 1     ; Signed Integer                                                     ;
+----------------+-------+--------------------------------------------------------------------+
Note: In order to hide this table in the UI and the text report file, please set the "Show Parameter Settings in Synthesis Report" option in "Analysis and Synthesis Settings -> More Settings" to "Off".


+-----------------------------------------------------------------------------------------------------------+
; Parameter Settings for User Entity Instance: processadoR_aula:processador|registradorGenerico:End_retorno ;
+----------------+-------+----------------------------------------------------------------------------------+
; Parameter Name ; Value ; Type                                                                             ;
+----------------+-------+----------------------------------------------------------------------------------+
; larguradados   ; 9     ; Signed Integer                                                                   ;
+----------------+-------+----------------------------------------------------------------------------------+
Note: In order to hide this table in the UI and the text report file, please set the "Show Parameter Settings in Synthesis Report" option in "Analysis and Synthesis Settings -> More Settings" to "Off".


+--------------------------------------------------------------------------------------------------+
; Parameter Settings for User Entity Instance: processadoR_aula:processador|registradorGenerico:PC ;
+----------------+-------+-------------------------------------------------------------------------+
; Parameter Name ; Value ; Type                                                                    ;
+----------------+-------+-------------------------------------------------------------------------+
; larguradados   ; 9     ; Signed Integer                                                          ;
+----------------+-------+-------------------------------------------------------------------------+
Note: In order to hide this table in the UI and the text report file, please set the "Show Parameter Settings in Synthesis Report" option in "Analysis and Synthesis Settings -> More Settings" to "Off".


+------------------------------------------------------------------------------------------------------+
; Parameter Settings for User Entity Instance: processadoR_aula:processador|somaConstante:incrementaPC ;
+----------------+-------+-----------------------------------------------------------------------------+
; Parameter Name ; Value ; Type                                                                        ;
+----------------+-------+-----------------------------------------------------------------------------+
; larguradados   ; 9     ; Signed Integer                                                              ;
; constante      ; 1     ; Signed Integer                                                              ;
+----------------+-------+-----------------------------------------------------------------------------+
Note: In order to hide this table in the UI and the text report file, please set the "Show Parameter Settings in Synthesis Report" option in "Analysis and Synthesis Settings -> More Settings" to "Off".


+-------------------------------------------------------------------------------------------+
; Parameter Settings for User Entity Instance: processadoR_aula:processador|ULASomaSub:ULA1 ;
+----------------+-------+------------------------------------------------------------------+
; Parameter Name ; Value ; Type                                                             ;
+----------------+-------+------------------------------------------------------------------+
; larguradados   ; 8     ; Signed Integer                                                   ;
+----------------+-------+------------------------------------------------------------------+
Note: In order to hide this table in the UI and the text report file, please set the "Show Parameter Settings in Synthesis Report" option in "Analysis and Synthesis Settings -> More Settings" to "Off".


+-----------------------------------------------------------------+
; Parameter Settings for User Entity Instance: flipflop:flipflop1 ;
+----------------+-------+----------------------------------------+
; Parameter Name ; Value ; Type                                   ;
+----------------+-------+----------------------------------------+
; larguradados   ; 1     ; Signed Integer                         ;
+----------------+-------+----------------------------------------+
Note: In order to hide this table in the UI and the text report file, please set the "Show Parameter Settings in Synthesis Report" option in "Analysis and Synthesis Settings -> More Settings" to "Off".


+-----------------------------------------------------------------+
; Parameter Settings for User Entity Instance: flipflop:flipflop2 ;
+----------------+-------+----------------------------------------+
; Parameter Name ; Value ; Type                                   ;
+----------------+-------+----------------------------------------+
; larguradados   ; 1     ; Signed Integer                         ;
+----------------+-------+----------------------------------------+
Note: In order to hide this table in the UI and the text report file, please set the "Show Parameter Settings in Synthesis Report" option in "Analysis and Synthesis Settings -> More Settings" to "Off".


+------------------------------------------------------------------------------------+
; Parameter Settings for User Entity Instance: registradorGenerico:registrador_8bits ;
+----------------+-------+-----------------------------------------------------------+
; Parameter Name ; Value ; Type                                                      ;
+----------------+-------+-----------------------------------------------------------+
; larguradados   ; 8     ; Signed Integer                                            ;
+----------------+-------+-----------------------------------------------------------+
Note: In order to hide this table in the UI and the text report file, please set the "Show Parameter Settings in Synthesis Report" option in "Analysis and Synthesis Settings -> More Settings" to "Off".


+----------------------------------------------------------------------------+
; Parameter Settings for User Entity Instance: registradorGenerico:REG_4bit0 ;
+----------------+-------+---------------------------------------------------+
; Parameter Name ; Value ; Type                                              ;
+----------------+-------+---------------------------------------------------+
; larguradados   ; 4     ; Signed Integer                                    ;
+----------------+-------+---------------------------------------------------+
Note: In order to hide this table in the UI and the text report file, please set the "Show Parameter Settings in Synthesis Report" option in "Analysis and Synthesis Settings -> More Settings" to "Off".


+----------------------------------------------------------------------------+
; Parameter Settings for User Entity Instance: registradorGenerico:REG_4bit1 ;
+----------------+-------+---------------------------------------------------+
; Parameter Name ; Value ; Type                                              ;
+----------------+-------+---------------------------------------------------+
; larguradados   ; 4     ; Signed Integer                                    ;
+----------------+-------+---------------------------------------------------+
Note: In order to hide this table in the UI and the text report file, please set the "Show Parameter Settings in Synthesis Report" option in "Analysis and Synthesis Settings -> More Settings" to "Off".


+----------------------------------------------------------------------------+
; Parameter Settings for User Entity Instance: registradorGenerico:REG_4bit2 ;
+----------------+-------+---------------------------------------------------+
; Parameter Name ; Value ; Type                                              ;
+----------------+-------+---------------------------------------------------+
; larguradados   ; 4     ; Signed Integer                                    ;
+----------------+-------+---------------------------------------------------+
Note: In order to hide this table in the UI and the text report file, please set the "Show Parameter Settings in Synthesis Report" option in "Analysis and Synthesis Settings -> More Settings" to "Off".


+----------------------------------------------------------------------------+
; Parameter Settings for User Entity Instance: registradorGenerico:REG_4bit3 ;
+----------------+-------+---------------------------------------------------+
; Parameter Name ; Value ; Type                                              ;
+----------------+-------+---------------------------------------------------+
; larguradados   ; 4     ; Signed Integer                                    ;
+----------------+-------+---------------------------------------------------+
Note: In order to hide this table in the UI and the text report file, please set the "Show Parameter Settings in Synthesis Report" option in "Analysis and Synthesis Settings -> More Settings" to "Off".


+----------------------------------------------------------------------------+
; Parameter Settings for User Entity Instance: registradorGenerico:REG_4bit4 ;
+----------------+-------+---------------------------------------------------+
; Parameter Name ; Value ; Type                                              ;
+----------------+-------+---------------------------------------------------+
; larguradados   ; 4     ; Signed Integer                                    ;
+----------------+-------+---------------------------------------------------+
Note: In order to hide this table in the UI and the text report file, please set the "Show Parameter Settings in Synthesis Report" option in "Analysis and Synthesis Settings -> More Settings" to "Off".


+----------------------------------------------------------------------------+
; Parameter Settings for User Entity Instance: registradorGenerico:REG_4bit5 ;
+----------------+-------+---------------------------------------------------+
; Parameter Name ; Value ; Type                                              ;
+----------------+-------+---------------------------------------------------+
; larguradados   ; 4     ; Signed Integer                                    ;
+----------------+-------+---------------------------------------------------+
Note: In order to hide this table in the UI and the text report file, please set the "Show Parameter Settings in Synthesis Report" option in "Analysis and Synthesis Settings -> More Settings" to "Off".


+-----------------------------------------------------------------------------+
; Parameter Settings for User Entity Instance: flipflop:flipflop_debounceKEY0 ;
+----------------+-------+----------------------------------------------------+
; Parameter Name ; Value ; Type                                               ;
+----------------+-------+----------------------------------------------------+
; larguradados   ; 1     ; Signed Integer                                     ;
+----------------+-------+----------------------------------------------------+
Note: In order to hide this table in the UI and the text report file, please set the "Show Parameter Settings in Synthesis Report" option in "Analysis and Synthesis Settings -> More Settings" to "Off".


+------------------------------------------------------------------------------+
; Parameter Settings for User Entity Instance: flipflop:flipflop_debounce_KEY1 ;
+----------------+-------+-----------------------------------------------------+
; Parameter Name ; Value ; Type                                                ;
+----------------+-------+-----------------------------------------------------+
; larguradados   ; 1     ; Signed Integer                                      ;
+----------------+-------+-----------------------------------------------------+
Note: In order to hide this table in the UI and the text report file, please set the "Show Parameter Settings in Synthesis Report" option in "Analysis and Synthesis Settings -> More Settings" to "Off".


+-----------------------------------------------------------------------------+
; Parameter Settings for User Entity Instance: flipflop:flipflop_debounceKEY2 ;
+----------------+-------+----------------------------------------------------+
; Parameter Name ; Value ; Type                                               ;
+----------------+-------+----------------------------------------------------+
; larguradados   ; 1     ; Signed Integer                                     ;
+----------------+-------+----------------------------------------------------+
Note: In order to hide this table in the UI and the text report file, please set the "Show Parameter Settings in Synthesis Report" option in "Analysis and Synthesis Settings -> More Settings" to "Off".


+------------------------------------------------------------------------------+
; Parameter Settings for User Entity Instance: flipflop:flipflop_debounce_KEY3 ;
+----------------+-------+-----------------------------------------------------+
; Parameter Name ; Value ; Type                                                ;
+----------------+-------+-----------------------------------------------------+
; larguradados   ; 1     ; Signed Integer                                      ;
+----------------+-------+-----------------------------------------------------+
Note: In order to hide this table in the UI and the text report file, please set the "Show Parameter Settings in Synthesis Report" option in "Analysis and Synthesis Settings -> More Settings" to "Off".


+---------------------------------------------------------------------------------+
; Parameter Settings for User Entity Instance: flipflop:flipflop_debounce_KEYTEMP ;
+----------------+-------+--------------------------------------------------------+
; Parameter Name ; Value ; Type                                                   ;
+----------------+-------+--------------------------------------------------------+
; larguradados   ; 1     ; Signed Integer                                         ;
+----------------+-------+--------------------------------------------------------+
Note: In order to hide this table in the UI and the text report file, please set the "Show Parameter Settings in Synthesis Report" option in "Analysis and Synthesis Settings -> More Settings" to "Off".


+-------------------------------------------------------------------------+
; Parameter Settings for User Entity Instance: divisorGenerico:divisorSec ;
+----------------+----------+---------------------------------------------+
; Parameter Name ; Value    ; Type                                        ;
+----------------+----------+---------------------------------------------+
; divisor        ; 25000000 ; Signed Integer                              ;
+----------------+----------+---------------------------------------------+
Note: In order to hide this table in the UI and the text report file, please set the "Show Parameter Settings in Synthesis Report" option in "Analysis and Synthesis Settings -> More Settings" to "Off".


+--------------------------------------------------------------------------+
; Parameter Settings for User Entity Instance: divisorGenerico:divisorFast ;
+----------------+-------+-------------------------------------------------+
; Parameter Name ; Value ; Type                                            ;
+----------------+-------+-------------------------------------------------+
; divisor        ; 10000 ; Signed Integer                                  ;
+----------------+-------+-------------------------------------------------+
Note: In order to hide this table in the UI and the text report file, please set the "Show Parameter Settings in Synthesis Report" option in "Analysis and Synthesis Settings -> More Settings" to "Off".


+------------------------------------------------------------------------+
; Parameter Settings for User Entity Instance: muxBaseTempo:muxBaseTempo ;
+----------------+-------+-----------------------------------------------+
; Parameter Name ; Value ; Type                                          ;
+----------------+-------+-----------------------------------------------+
; larguradados   ; 1     ; Signed Integer                                ;
+----------------+-------+-----------------------------------------------+
Note: In order to hide this table in the UI and the text report file, please set the "Show Parameter Settings in Synthesis Report" option in "Analysis and Synthesis Settings -> More Settings" to "Off".


+----------------------------------------------------------------+
; Port Connectivity Checks: "flipflop:flipflop_debounce_KEYTEMP" ;
+--------+-------+----------+------------------------------------+
; Port   ; Type  ; Severity ; Details                            ;
+--------+-------+----------+------------------------------------+
; din    ; Input ; Info     ; Stuck at VCC                       ;
; enable ; Input ; Info     ; Stuck at VCC                       ;
+--------+-------+----------+------------------------------------+


+-------------------------------------------------------------+
; Port Connectivity Checks: "flipflop:flipflop_debounce_KEY3" ;
+--------+-------+----------+---------------------------------+
; Port   ; Type  ; Severity ; Details                         ;
+--------+-------+----------+---------------------------------+
; din    ; Input ; Info     ; Stuck at VCC                    ;
; enable ; Input ; Info     ; Stuck at VCC                    ;
+--------+-------+----------+---------------------------------+


+------------------------------------------------------------+
; Port Connectivity Checks: "flipflop:flipflop_debounceKEY2" ;
+--------+-------+----------+--------------------------------+
; Port   ; Type  ; Severity ; Details                        ;
+--------+-------+----------+--------------------------------+
; din    ; Input ; Info     ; Stuck at VCC                   ;
; enable ; Input ; Info     ; Stuck at VCC                   ;
+--------+-------+----------+--------------------------------+


+-------------------------------------------------------------+
; Port Connectivity Checks: "flipflop:flipflop_debounce_KEY1" ;
+--------+-------+----------+---------------------------------+
; Port   ; Type  ; Severity ; Details                         ;
+--------+-------+----------+---------------------------------+
; din    ; Input ; Info     ; Stuck at VCC                    ;
; enable ; Input ; Info     ; Stuck at VCC                    ;
+--------+-------+----------+---------------------------------+


+------------------------------------------------------------+
; Port Connectivity Checks: "flipflop:flipflop_debounceKEY0" ;
+--------+-------+----------+--------------------------------+
; Port   ; Type  ; Severity ; Details                        ;
+--------+-------+----------+--------------------------------+
; din    ; Input ; Info     ; Stuck at VCC                   ;
; enable ; Input ; Info     ; Stuck at VCC                   ;
+--------+-------+----------+--------------------------------+


+-----------------------------------------------------------+
; Port Connectivity Checks: "registradorGenerico:REG_4bit5" ;
+------+-------+----------+---------------------------------+
; Port ; Type  ; Severity ; Details                         ;
+------+-------+----------+---------------------------------+
; rst  ; Input ; Info     ; Stuck at GND                    ;
+------+-------+----------+---------------------------------+


+-----------------------------------------------------------+
; Port Connectivity Checks: "registradorGenerico:REG_4bit4" ;
+------+-------+----------+---------------------------------+
; Port ; Type  ; Severity ; Details                         ;
+------+-------+----------+---------------------------------+
; rst  ; Input ; Info     ; Stuck at GND                    ;
+------+-------+----------+---------------------------------+


+-----------------------------------------------------------+
; Port Connectivity Checks: "registradorGenerico:REG_4bit3" ;
+------+-------+----------+---------------------------------+
; Port ; Type  ; Severity ; Details                         ;
+------+-------+----------+---------------------------------+
; rst  ; Input ; Info     ; Stuck at GND                    ;
+------+-------+----------+---------------------------------+


+-----------------------------------------------------------+
; Port Connectivity Checks: "registradorGenerico:REG_4bit2" ;
+------+-------+----------+---------------------------------+
; Port ; Type  ; Severity ; Details                         ;
+------+-------+----------+---------------------------------+
; rst  ; Input ; Info     ; Stuck at GND                    ;
+------+-------+----------+---------------------------------+


+-----------------------------------------------------------+
; Port Connectivity Checks: "registradorGenerico:REG_4bit1" ;
+------+-------+----------+---------------------------------+
; Port ; Type  ; Severity ; Details                         ;
+------+-------+----------+---------------------------------+
; rst  ; Input ; Info     ; Stuck at GND                    ;
+------+-------+----------+---------------------------------+


+-----------------------------------------------------------+
; Port Connectivity Checks: "registradorGenerico:REG_4bit0" ;
+------+-------+----------+---------------------------------+
; Port ; Type  ; Severity ; Details                         ;
+------+-------+----------+---------------------------------+
; rst  ; Input ; Info     ; Stuck at GND                    ;
+------+-------+----------+---------------------------------+


+---------------------------------------------------------------+
; Port Connectivity Checks: "conversorHex7Seg:decoder_binario5" ;
+----------+-------+----------+---------------------------------+
; Port     ; Type  ; Severity ; Details                         ;
+----------+-------+----------+---------------------------------+
; apaga    ; Input ; Info     ; Stuck at GND                    ;
; negativo ; Input ; Info     ; Stuck at GND                    ;
; overflow ; Input ; Info     ; Stuck at GND                    ;
+----------+-------+----------+---------------------------------+


+---------------------------------------------------------------+
; Port Connectivity Checks: "conversorHex7Seg:decoder_binario4" ;
+----------+-------+----------+---------------------------------+
; Port     ; Type  ; Severity ; Details                         ;
+----------+-------+----------+---------------------------------+
; apaga    ; Input ; Info     ; Stuck at GND                    ;
; negativo ; Input ; Info     ; Stuck at GND                    ;
; overflow ; Input ; Info     ; Stuck at GND                    ;
+----------+-------+----------+---------------------------------+


+---------------------------------------------------------------+
; Port Connectivity Checks: "conversorHex7Seg:decoder_binario3" ;
+----------+-------+----------+---------------------------------+
; Port     ; Type  ; Severity ; Details                         ;
+----------+-------+----------+---------------------------------+
; apaga    ; Input ; Info     ; Stuck at GND                    ;
; negativo ; Input ; Info     ; Stuck at GND                    ;
; overflow ; Input ; Info     ; Stuck at GND                    ;
+----------+-------+----------+---------------------------------+


+---------------------------------------------------------------+
; Port Connectivity Checks: "conversorHex7Seg:decoder_binario2" ;
+----------+-------+----------+---------------------------------+
; Port     ; Type  ; Severity ; Details                         ;
+----------+-------+----------+---------------------------------+
; apaga    ; Input ; Info     ; Stuck at GND                    ;
; negativo ; Input ; Info     ; Stuck at GND                    ;
; overflow ; Input ; Info     ; Stuck at GND                    ;
+----------+-------+----------+---------------------------------+


+---------------------------------------------------------------+
; Port Connectivity Checks: "conversorHex7Seg:decoder_binario1" ;
+----------+-------+----------+---------------------------------+
; Port     ; Type  ; Severity ; Details                         ;
+----------+-------+----------+---------------------------------+
; apaga    ; Input ; Info     ; Stuck at GND                    ;
; negativo ; Input ; Info     ; Stuck at GND                    ;
; overflow ; Input ; Info     ; Stuck at GND                    ;
+----------+-------+----------+---------------------------------+


+---------------------------------------------------------------+
; Port Connectivity Checks: "conversorHex7Seg:decoder_binario0" ;
+----------+-------+----------+---------------------------------+
; Port     ; Type  ; Severity ; Details                         ;
+----------+-------+----------+---------------------------------+
; apaga    ; Input ; Info     ; Stuck at GND                    ;
; negativo ; Input ; Info     ; Stuck at GND                    ;
; overflow ; Input ; Info     ; Stuck at GND                    ;
+----------+-------+----------+---------------------------------+


+-------------------------------------------------------------------+
; Port Connectivity Checks: "registradorGenerico:registrador_8bits" ;
+------+-------+----------+-----------------------------------------+
; Port ; Type  ; Severity ; Details                                 ;
+------+-------+----------+-----------------------------------------+
; rst  ; Input ; Info     ; Stuck at GND                            ;
+------+-------+----------+-----------------------------------------+


+------------------------------------------------+
; Port Connectivity Checks: "flipflop:flipflop2" ;
+------+-------+----------+----------------------+
; Port ; Type  ; Severity ; Details              ;
+------+-------+----------+----------------------+
; rst  ; Input ; Info     ; Stuck at GND         ;
+------+-------+----------+----------------------+


+------------------------------------------------+
; Port Connectivity Checks: "flipflop:flipflop1" ;
+------+-------+----------+----------------------+
; Port ; Type  ; Severity ; Details              ;
+------+-------+----------+----------------------+
; rst  ; Input ; Info     ; Stuck at GND         ;
+------+-------+----------+----------------------+


+-----------------------------------------------------------------------------------------------------------------------+
; Port Connectivity Checks: "decoder3x8:decoder_end"                                                                    ;
+-------------+--------+----------+-------------------------------------------------------------------------------------+
; Port        ; Type   ; Severity ; Details                                                                             ;
+-------------+--------+----------+-------------------------------------------------------------------------------------+
; saida[7..6] ; Output ; Info     ; Connected to dangling logic. Logic that only feeds a dangling port will be removed. ;
+-------------+--------+----------+-------------------------------------------------------------------------------------+


+-----------------------------------------------------------------------------------------------------------------------+
; Port Connectivity Checks: "decoder3x8:decoder_blocos"                                                                 ;
+-------------+--------+----------+-------------------------------------------------------------------------------------+
; Port        ; Type   ; Severity ; Details                                                                             ;
+-------------+--------+----------+-------------------------------------------------------------------------------------+
; saida[7..6] ; Output ; Info     ; Connected to dangling logic. Logic that only feeds a dangling port will be removed. ;
; saida[3..1] ; Output ; Info     ; Connected to dangling logic. Logic that only feeds a dangling port will be removed. ;
+-------------+--------+----------+-------------------------------------------------------------------------------------+


+---------------------------------------------------------------------------------+
; Port Connectivity Checks: "processadoR_aula:processador|registradorGenerico:PC" ;
+--------+-------+----------+-----------------------------------------------------+
; Port   ; Type  ; Severity ; Details                                             ;
+--------+-------+----------+-----------------------------------------------------+
; enable ; Input ; Info     ; Stuck at VCC                                        ;
; rst    ; Input ; Info     ; Stuck at GND                                        ;
+--------+-------+----------+-----------------------------------------------------+


+------------------------------------------------------------------------------------------+
; Port Connectivity Checks: "processadoR_aula:processador|registradorGenerico:End_retorno" ;
+------+-------+----------+----------------------------------------------------------------+
; Port ; Type  ; Severity ; Details                                                        ;
+------+-------+----------+----------------------------------------------------------------+
; rst  ; Input ; Info     ; Stuck at GND                                                   ;
+------+-------+----------+----------------------------------------------------------------+


+----------------------------------------------------------------------------+
; Port Connectivity Checks: "processadoR_aula:processador|flipflop:flipflop" ;
+------+-------+----------+--------------------------------------------------+
; Port ; Type  ; Severity ; Details                                          ;
+------+-------+----------+--------------------------------------------------+
; rst  ; Input ; Info     ; Stuck at GND                                     ;
+------+-------+----------+--------------------------------------------------+


+--------------------------------------------------------------------------------+
; Port Connectivity Checks: "processadoR_aula:processador|muxGenerico4x1:MUXJMP" ;
+--------------+-------+----------+----------------------------------------------+
; Port         ; Type  ; Severity ; Details                                      ;
+--------------+-------+----------+----------------------------------------------+
; entradad_mux ; Input ; Info     ; Stuck at GND                                 ;
+--------------+-------+----------+----------------------------------------------+


+-----------------------------------------------------+
; Post-Synthesis Netlist Statistics for Top Partition ;
+-----------------------+-----------------------------+
; Type                  ; Count                       ;
+-----------------------+-----------------------------+
; arriav_ff             ; 678                         ;
;     CLR               ; 5                           ;
;     ENA               ; 553                         ;
;     ENA SLD           ; 64                          ;
;     SCLR              ; 39                          ;
;     plain             ; 17                          ;
; arriav_lcell_comb     ; 679                         ;
;     arith             ; 57                          ;
;         1 data inputs ; 48                          ;
;         4 data inputs ; 1                           ;
;         5 data inputs ; 8                           ;
;     extend            ; 48                          ;
;         7 data inputs ; 48                          ;
;     normal            ; 574                         ;
;         1 data inputs ; 3                           ;
;         2 data inputs ; 73                          ;
;         3 data inputs ; 14                          ;
;         4 data inputs ; 67                          ;
;         5 data inputs ; 34                          ;
;         6 data inputs ; 383                         ;
; boundary_port         ; 68                          ;
;                       ;                             ;
; Max LUT depth         ; 10.50                       ;
; Average LUT depth     ; 6.71                        ;
+-----------------------+-----------------------------+


+-------------------------------+
; Elapsed Time Per Partition    ;
+----------------+--------------+
; Partition Name ; Elapsed Time ;
+----------------+--------------+
; Top            ; 00:00:01     ;
+----------------+--------------+


+-------------------------------+
; Analysis & Synthesis Messages ;
+-------------------------------+
Info: *******************************************************************
Info: Running Quartus Prime Analysis & Synthesis
    Info: Version 20.1.0 Build 711 06/05/2020 SJ Lite Edition
    Info: Processing started: Sat May  7 06:07:37 2022
Info: Command: quartus_map --read_settings_files=on --write_settings_files=off relogio -c relogio
Info (20030): Parallel compilation is enabled and will use 4 of the 4 processors detected
Info (12021): Found 2 design units, including 1 entities, in source file ULASomaSub.vhd
    Info (12022): Found design unit 1: ULASomaSub-comportamento File: /home/daniel/Desktop/descompPROJ1/projetoRelogio/ULASomaSub.vhd Line: 15
    Info (12023): Found entity 1: ULASomaSub File: /home/daniel/Desktop/descompPROJ1/projetoRelogio/ULASomaSub.vhd Line: 5
Info (12021): Found 2 design units, including 1 entities, in source file somaConstante.vhd
    Info (12022): Found design unit 1: somaConstante-comportamento File: /home/daniel/Desktop/descompPROJ1/projetoRelogio/somaConstante.vhd Line: 18
    Info (12023): Found entity 1: somaConstante File: /home/daniel/Desktop/descompPROJ1/projetoRelogio/somaConstante.vhd Line: 5
Info (12021): Found 2 design units, including 1 entities, in source file relogio.vhd
    Info (12022): Found design unit 1: relogio-arch_name File: /home/daniel/Desktop/descompPROJ1/projetoRelogio/relogio.vhd Line: 39
    Info (12023): Found entity 1: relogio File: /home/daniel/Desktop/descompPROJ1/projetoRelogio/relogio.vhd Line: 5
Info (12021): Found 2 design units, including 1 entities, in source file registradorRetorno.vhd
    Info (12022): Found design unit 1: registradorRetorno-comportamento File: /home/daniel/Desktop/descompPROJ1/projetoRelogio/registradorRetorno.vhd Line: 15
    Info (12023): Found entity 1: registradorRetorno File: /home/daniel/Desktop/descompPROJ1/projetoRelogio/registradorRetorno.vhd Line: 4
Info (12021): Found 2 design units, including 1 entities, in source file registradorGenerico.vhd
    Info (12022): Found design unit 1: registradorGenerico-comportamento File: /home/daniel/Desktop/descompPROJ1/projetoRelogio/registradorGenerico.vhd Line: 15
    Info (12023): Found entity 1: registradorGenerico File: /home/daniel/Desktop/descompPROJ1/projetoRelogio/registradorGenerico.vhd Line: 4
Info (12021): Found 2 design units, including 1 entities, in source file processador_aula.vhd
    Info (12022): Found design unit 1: processador_aula-arquitetura File: /home/daniel/Desktop/descompPROJ1/projetoRelogio/processador_aula.vhd Line: 25
    Info (12023): Found entity 1: processadoR_aula File: /home/daniel/Desktop/descompPROJ1/projetoRelogio/processador_aula.vhd Line: 4
Info (12021): Found 2 design units, including 1 entities, in source file muxGenerico4x1.vhd
    Info (12022): Found design unit 1: muxGenerico4x1-comportamento File: /home/daniel/Desktop/descompPROJ1/projetoRelogio/muxGenerico4x1.vhd Line: 14
    Info (12023): Found entity 1: muxGenerico4x1 File: /home/daniel/Desktop/descompPROJ1/projetoRelogio/muxGenerico4x1.vhd Line: 4
Info (12021): Found 2 design units, including 1 entities, in source file muxGenerico2x1.vhd
    Info (12022): Found design unit 1: muxGenerico2x1-comportamento File: /home/daniel/Desktop/descompPROJ1/projetoRelogio/muxGenerico2x1.vhd Line: 14
    Info (12023): Found entity 1: muxGenerico2x1 File: /home/daniel/Desktop/descompPROJ1/projetoRelogio/muxGenerico2x1.vhd Line: 4
Info (12021): Found 2 design units, including 1 entities, in source file memoriaROM.vhd
    Info (12022): Found design unit 1: memoriaROM-assincrona File: /home/daniel/Desktop/descompPROJ1/projetoRelogio/memoriaROM.vhd Line: 16
    Info (12023): Found entity 1: memoriaROM File: /home/daniel/Desktop/descompPROJ1/projetoRelogio/memoriaROM.vhd Line: 5
Info (12021): Found 2 design units, including 1 entities, in source file memoriaRAM.vhd
    Info (12022): Found design unit 1: memoriaRAM-rtl File: /home/daniel/Desktop/descompPROJ1/projetoRelogio/memoriaRAM.vhd Line: 22
    Info (12023): Found entity 1: memoriaRAM File: /home/daniel/Desktop/descompPROJ1/projetoRelogio/memoriaRAM.vhd Line: 6
Info (12021): Found 0 design units, including 0 entities, in source file logica_desvio.vhd
Info (12021): Found 2 design units, including 1 entities, in source file flipflop.vhd
    Info (12022): Found design unit 1: flipflop-comportamento File: /home/daniel/Desktop/descompPROJ1/projetoRelogio/flipflop.vhd Line: 15
    Info (12023): Found entity 1: flipflop File: /home/daniel/Desktop/descompPROJ1/projetoRelogio/flipflop.vhd Line: 4
Info (12021): Found 3 design units, including 1 entities, in source file edgeDetector.vhd
    Info (12022): Found design unit 1: edgeDetector-bordaSubida File: /home/daniel/Desktop/descompPROJ1/projetoRelogio/edgeDetector.vhd Line: 10
    Info (12022): Found design unit 2: edgeDetector-bordaDescida File: /home/daniel/Desktop/descompPROJ1/projetoRelogio/edgeDetector.vhd Line: 23
    Info (12023): Found entity 1: edgeDetector File: /home/daniel/Desktop/descompPROJ1/projetoRelogio/edgeDetector.vhd Line: 4
Info (12021): Found 2 design units, including 1 entities, in source file decoder4x7.vhd
    Info (12022): Found design unit 1: decoder4x7-comportamento File: /home/daniel/Desktop/descompPROJ1/projetoRelogio/decoder4x7.vhd Line: 10
    Info (12023): Found entity 1: decoder4x7 File: /home/daniel/Desktop/descompPROJ1/projetoRelogio/decoder4x7.vhd Line: 4
Info (12021): Found 2 design units, including 1 entities, in source file decoder3x8.vhd
    Info (12022): Found design unit 1: decoder3x8-comportamento File: /home/daniel/Desktop/descompPROJ1/projetoRelogio/decoder3x8.vhd Line: 10
    Info (12023): Found entity 1: decoder3x8 File: /home/daniel/Desktop/descompPROJ1/projetoRelogio/decoder3x8.vhd Line: 4
Info (12021): Found 2 design units, including 1 entities, in source file decoder.vhd
    Info (12022): Found design unit 1: decoder-comportamento File: /home/daniel/Desktop/descompPROJ1/projetoRelogio/decoder.vhd Line: 12
    Info (12023): Found entity 1: decoder File: /home/daniel/Desktop/descompPROJ1/projetoRelogio/decoder.vhd Line: 4
Info (12021): Found 2 design units, including 1 entities, in source file conversorHex7Seg.vhd
    Info (12022): Found design unit 1: conversorHex7Seg-comportamento File: /home/daniel/Desktop/descompPROJ1/projetoRelogio/conversorHex7Seg.vhd Line: 17
    Info (12023): Found entity 1: conversorHex7Seg File: /home/daniel/Desktop/descompPROJ1/projetoRelogio/conversorHex7Seg.vhd Line: 4
Info (12021): Found 2 design units, including 1 entities, in source file buffer_3_state_8portas.vhd
    Info (12022): Found design unit 1: buffer_3_state_8portas-comportamento File: /home/daniel/Desktop/descompPROJ1/projetoRelogio/buffer_3_state_8portas.vhd Line: 11
    Info (12023): Found entity 1: buffer_3_state_8portas File: /home/daniel/Desktop/descompPROJ1/projetoRelogio/buffer_3_state_8portas.vhd Line: 4
Info (12021): Found 2 design units, including 1 entities, in source file buffer_3_state_1porta.vhd
    Info (12022): Found design unit 1: buffer_3_state_1porta-comportamento File: /home/daniel/Desktop/descompPROJ1/projetoRelogio/buffer_3_state_1porta.vhd Line: 11
    Info (12023): Found entity 1: buffer_3_state_1porta File: /home/daniel/Desktop/descompPROJ1/projetoRelogio/buffer_3_state_1porta.vhd Line: 4
Info (12021): Found 2 design units, including 1 entities, in source file bancoRegistradoresArqRegMem.vhd
    Info (12022): Found design unit 1: bancoRegistradoresArqRegMem-comportamento File: /home/daniel/Desktop/descompPROJ1/projetoRelogio/bancoRegistradoresArqRegMem.vhd Line: 23
    Info (12023): Found entity 1: bancoRegistradoresArqRegMem File: /home/daniel/Desktop/descompPROJ1/projetoRelogio/bancoRegistradoresArqRegMem.vhd Line: 5
Info (12021): Found 2 design units, including 1 entities, in source file divisorGenerico.vhd
    Info (12022): Found design unit 1: divisorGenerico-divInteiro File: /home/daniel/Desktop/descompPROJ1/projetoRelogio/divisorGenerico.vhd Line: 15
    Info (12023): Found entity 1: divisorGenerico File: /home/daniel/Desktop/descompPROJ1/projetoRelogio/divisorGenerico.vhd Line: 5
Info (12021): Found 2 design units, including 1 entities, in source file muxBaseTempo.vhd
    Info (12022): Found design unit 1: muxBaseTempo-comportamento File: /home/daniel/Desktop/descompPROJ1/projetoRelogio/muxBaseTempo.vhd Line: 14
    Info (12023): Found entity 1: muxBaseTempo File: /home/daniel/Desktop/descompPROJ1/projetoRelogio/muxBaseTempo.vhd Line: 4
Info (12021): Found 2 design units, including 1 entities, in source file decoder4x16.vhd
    Info (12022): Found design unit 1: decoder4x16-comportamento File: /home/daniel/Desktop/descompPROJ1/projetoRelogio/decoder4x16.vhd Line: 10
    Info (12023): Found entity 1: decoder4x16 File: /home/daniel/Desktop/descompPROJ1/projetoRelogio/decoder4x16.vhd Line: 4
Info (12127): Elaborating entity "relogio" for the top level hierarchy
Info (12128): Elaborating entity "memoriaROM" for hierarchy "memoriaROM:ROM_instrucao" File: /home/daniel/Desktop/descompPROJ1/projetoRelogio/relogio.vhd Line: 110
Info (12128): Elaborating entity "memoriaRAM" for hierarchy "memoriaRAM:MemoriaRAM" File: /home/daniel/Desktop/descompPROJ1/projetoRelogio/relogio.vhd Line: 113
Info (12128): Elaborating entity "processadoR_aula" for hierarchy "processadoR_aula:processador" File: /home/daniel/Desktop/descompPROJ1/projetoRelogio/relogio.vhd Line: 123
Info (12128): Elaborating entity "muxGenerico2x1" for hierarchy "processadoR_aula:processador|muxGenerico2x1:MUX1" File: /home/daniel/Desktop/descompPROJ1/projetoRelogio/processador_aula.vhd Line: 53
Info (12128): Elaborating entity "muxGenerico4x1" for hierarchy "processadoR_aula:processador|muxGenerico4x1:MUXJMP" File: /home/daniel/Desktop/descompPROJ1/projetoRelogio/processador_aula.vhd Line: 60
Info (12128): Elaborating entity "bancoRegistradoresArqRegMem" for hierarchy "processadoR_aula:processador|bancoRegistradoresArqRegMem:bancoReg" File: /home/daniel/Desktop/descompPROJ1/projetoRelogio/processador_aula.vhd Line: 69
Info (12128): Elaborating entity "flipflop" for hierarchy "processadoR_aula:processador|flipflop:flipflop" File: /home/daniel/Desktop/descompPROJ1/projetoRelogio/processador_aula.vhd Line: 78
Info (12128): Elaborating entity "registradorGenerico" for hierarchy "processadoR_aula:processador|registradorGenerico:End_retorno" File: /home/daniel/Desktop/descompPROJ1/projetoRelogio/processador_aula.vhd Line: 81
Info (12128): Elaborating entity "somaConstante" for hierarchy "processadoR_aula:processador|somaConstante:incrementaPC" File: /home/daniel/Desktop/descompPROJ1/projetoRelogio/processador_aula.vhd Line: 87
Info (12128): Elaborating entity "ULASomaSub" for hierarchy "processadoR_aula:processador|ULASomaSub:ULA1" File: /home/daniel/Desktop/descompPROJ1/projetoRelogio/processador_aula.vhd Line: 91
Info (12128): Elaborating entity "decoder" for hierarchy "processadoR_aula:processador|decoder:decoder" File: /home/daniel/Desktop/descompPROJ1/projetoRelogio/processador_aula.vhd Line: 95
Info (12128): Elaborating entity "decoder3x8" for hierarchy "decoder3x8:decoder_blocos" File: /home/daniel/Desktop/descompPROJ1/projetoRelogio/relogio.vhd Line: 136
Info (12128): Elaborating entity "registradorGenerico" for hierarchy "registradorGenerico:registrador_8bits" File: /home/daniel/Desktop/descompPROJ1/projetoRelogio/relogio.vhd Line: 150
Info (12128): Elaborating entity "conversorHex7Seg" for hierarchy "conversorHex7Seg:decoder_binario0" File: /home/daniel/Desktop/descompPROJ1/projetoRelogio/relogio.vhd Line: 155
Info (12128): Elaborating entity "registradorGenerico" for hierarchy "registradorGenerico:REG_4bit0" File: /home/daniel/Desktop/descompPROJ1/projetoRelogio/relogio.vhd Line: 175
Info (12128): Elaborating entity "buffer_3_state_8portas" for hierarchy "buffer_3_state_8portas:buffer_3state" File: /home/daniel/Desktop/descompPROJ1/projetoRelogio/relogio.vhd Line: 195
Info (12128): Elaborating entity "buffer_3_state_1porta" for hierarchy "buffer_3_state_1porta:buffer_3state_1SW8" File: /home/daniel/Desktop/descompPROJ1/projetoRelogio/relogio.vhd Line: 198
Info (12129): Elaborating entity "edgeDetector" using architecture "A:bordasubida" for hierarchy "edgeDetector:edgeDetector1" File: /home/daniel/Desktop/descompPROJ1/projetoRelogio/relogio.vhd Line: 227
Info (12128): Elaborating entity "divisorGenerico" for hierarchy "divisorGenerico:divisorSec" File: /home/daniel/Desktop/descompPROJ1/projetoRelogio/relogio.vhd Line: 253
Info (12128): Elaborating entity "divisorGenerico" for hierarchy "divisorGenerico:divisorFast" File: /home/daniel/Desktop/descompPROJ1/projetoRelogio/relogio.vhd Line: 256
Info (12128): Elaborating entity "muxBaseTempo" for hierarchy "muxBaseTempo:muxBaseTempo" File: /home/daniel/Desktop/descompPROJ1/projetoRelogio/relogio.vhd Line: 259
Warning (19016): Clock multiplexers are found and protected
    Warning (19017): Found clock multiplexer muxBaseTempo:muxBaseTempo|saida_MUX File: /home/daniel/Desktop/descompPROJ1/projetoRelogio/muxBaseTempo.vhd Line: 10
Info (276014): Found 2 instances of uninferred RAM logic
    Info (276007): RAM logic "processadoR_aula:processador|bancoRegistradoresArqRegMem:bancoReg|registrador" is uninferred due to asynchronous read logic File: /home/daniel/Desktop/descompPROJ1/projetoRelogio/bancoRegistradoresArqRegMem.vhd Line: 29
    Info (276007): RAM logic "memoriaRAM:MemoriaRAM|ram" is uninferred due to asynchronous read logic File: /home/daniel/Desktop/descompPROJ1/projetoRelogio/memoriaRAM.vhd Line: 28
Warning (13046): Tri-state node(s) do not directly drive top-level pin(s)
    Warning (13048): Converted tri-state node "dadolidoRAM[7]" into a selector File: /home/daniel/Desktop/descompPROJ1/projetoRelogio/muxGenerico2x1.vhd Line: 10
    Warning (13048): Converted tri-state node "dadolidoRAM[6]" into a selector File: /home/daniel/Desktop/descompPROJ1/projetoRelogio/muxGenerico2x1.vhd Line: 10
    Warning (13048): Converted tri-state node "dadolidoRAM[5]" into a selector File: /home/daniel/Desktop/descompPROJ1/projetoRelogio/muxGenerico2x1.vhd Line: 10
    Warning (13048): Converted tri-state node "dadolidoRAM[4]" into a selector File: /home/daniel/Desktop/descompPROJ1/projetoRelogio/muxGenerico2x1.vhd Line: 10
    Warning (13048): Converted tri-state node "dadolidoRAM[3]" into a selector File: /home/daniel/Desktop/descompPROJ1/projetoRelogio/muxGenerico2x1.vhd Line: 10
    Warning (13048): Converted tri-state node "dadolidoRAM[2]" into a selector File: /home/daniel/Desktop/descompPROJ1/projetoRelogio/muxGenerico2x1.vhd Line: 10
    Warning (13048): Converted tri-state node "dadolidoRAM[1]" into a selector File: /home/daniel/Desktop/descompPROJ1/projetoRelogio/muxGenerico2x1.vhd Line: 10
    Warning (13048): Converted tri-state node "dadolidoRAM[0]" into a selector File: /home/daniel/Desktop/descompPROJ1/projetoRelogio/muxGenerico2x1.vhd Line: 10
Info (286030): Timing-Driven Synthesis is running
Info (16010): Generating hard_block partition "hard_block:auto_generated_inst"
    Info (16011): Adding 0 node(s), including 0 DDIO, 0 PLL, 0 transceiver and 0 LCELL
Warning (21074): Design contains 1 input pin(s) that do not drive logic
    Warning (15610): No output dependent on input pin "KEY[0]" File: /home/daniel/Desktop/descompPROJ1/projetoRelogio/relogio.vhd Line: 22
Info (21057): Implemented 1369 device resources after synthesis - the final resource count might be different
    Info (21058): Implemented 16 input pins
    Info (21059): Implemented 52 output pins
    Info (21061): Implemented 1301 logic cells
Info: Quartus Prime Analysis & Synthesis was successful. 0 errors, 13 warnings
    Info: Peak virtual memory: 498 megabytes
    Info: Processing ended: Sat May  7 06:07:46 2022
    Info: Elapsed time: 00:00:09
    Info: Total CPU time (on all processors): 00:00:21


