Analysis & Synthesis report for aula7
Tue Apr 19 23:38:06 2022
Quartus Prime Version 20.1.0 Build 711 06/05/2020 SJ Lite Edition


---------------------
; Table of Contents ;
---------------------
  1. Legal Notice
  2. Analysis & Synthesis Summary
  3. Analysis & Synthesis Settings
  4. Parallel Compilation
  5. Analysis & Synthesis Source Files Read
  6. Analysis & Synthesis Resource Usage Summary
  7. Analysis & Synthesis Resource Utilization by Entity
  8. Registers Removed During Synthesis
  9. Removed Registers Triggering Further Register Optimizations
 10. General Register Statistics
 11. Parameter Settings for User Entity Instance: Top-level Entity: |aula7
 12. Parameter Settings for User Entity Instance: memoriaRAM:MemoriaRAM
 13. Parameter Settings for User Entity Instance: flipflop:flipflop_debounce
 14. Parameter Settings for User Entity Instance: memoriaROM:ROM_instrucao
 15. Parameter Settings for User Entity Instance: processadoR_aula:processador
 16. Parameter Settings for User Entity Instance: processadoR_aula:processador|muxGenerico2x1:MUX1
 17. Parameter Settings for User Entity Instance: processadoR_aula:processador|muxGenerico4x1:MUXJMP
 18. Parameter Settings for User Entity Instance: processadoR_aula:processador|registradorGenerico:REGA
 19. Parameter Settings for User Entity Instance: processadoR_aula:processador|flipflop:flipflop
 20. Parameter Settings for User Entity Instance: processadoR_aula:processador|registradorGenerico:End_retorno
 21. Parameter Settings for User Entity Instance: processadoR_aula:processador|registradorGenerico:PC
 22. Parameter Settings for User Entity Instance: processadoR_aula:processador|somaConstante:incrementaPC
 23. Parameter Settings for User Entity Instance: processadoR_aula:processador|ULASomaSub:ULA1
 24. Parameter Settings for User Entity Instance: flipflop:flipflop1
 25. Parameter Settings for User Entity Instance: flipflop:flipflop2
 26. Parameter Settings for User Entity Instance: registradorGenerico:registrador_8bits
 27. Parameter Settings for User Entity Instance: registradorGenerico:REG_4bit1
 28. Parameter Settings for User Entity Instance: registradorGenerico:REG_4bit2
 29. Port Connectivity Checks: "registradorGenerico:REG_4bit2"
 30. Port Connectivity Checks: "registradorGenerico:REG_4bit1"
 31. Port Connectivity Checks: "conversorHex7Seg:decoder_binario2"
 32. Port Connectivity Checks: "conversorHex7Seg:decoder_binario1"
 33. Port Connectivity Checks: "registradorGenerico:registrador_8bits"
 34. Port Connectivity Checks: "flipflop:flipflop2"
 35. Port Connectivity Checks: "flipflop:flipflop1"
 36. Port Connectivity Checks: "decoder3x8:decoder_end"
 37. Port Connectivity Checks: "decoder3x8:decoder_blocos"
 38. Port Connectivity Checks: "processadoR_aula:processador|registradorGenerico:PC"
 39. Port Connectivity Checks: "processadoR_aula:processador|registradorGenerico:End_retorno"
 40. Port Connectivity Checks: "processadoR_aula:processador|flipflop:flipflop"
 41. Port Connectivity Checks: "processadoR_aula:processador|registradorGenerico:REGA"
 42. Port Connectivity Checks: "processadoR_aula:processador|muxGenerico4x1:MUXJMP"
 43. Port Connectivity Checks: "flipflop:flipflop_debounce"
 44. Post-Synthesis Netlist Statistics for Top Partition
 45. Elapsed Time Per Partition
 46. Analysis & Synthesis Messages



----------------
; Legal Notice ;
----------------
Copyright (C) 2020  Intel Corporation. All rights reserved.
Your use of Intel Corporation's design tools, logic functions 
and other software and tools, and any partner logic 
functions, and any output files from any of the foregoing 
(including device programming or simulation files), and any 
associated documentation or information are expressly subject 
to the terms and conditions of the Intel Program License 
Subscription Agreement, the Intel Quartus Prime License Agreement,
the Intel FPGA IP License Agreement, or other applicable license
agreement, including, without limitation, that your use is for
the sole purpose of programming logic devices manufactured by
Intel and sold by Intel or its authorized distributors.  Please
refer to the applicable agreement for further details, at
https://fpgasoftware.intel.com/eula.



+-------------------------------------------------------------------------------+
; Analysis & Synthesis Summary                                                  ;
+---------------------------------+---------------------------------------------+
; Analysis & Synthesis Status     ; Successful - Tue Apr 19 23:38:06 2022       ;
; Quartus Prime Version           ; 20.1.0 Build 711 06/05/2020 SJ Lite Edition ;
; Revision Name                   ; aula7                                       ;
; Top-level Entity Name           ; aula7                                       ;
; Family                          ; Cyclone V                                   ;
; Logic utilization (in ALMs)     ; N/A                                         ;
; Total registers                 ; 17                                          ;
; Total pins                      ; 49                                          ;
; Total virtual pins              ; 0                                           ;
; Total block memory bits         ; 0                                           ;
; Total DSP Blocks                ; 0                                           ;
; Total HSSI RX PCSs              ; 0                                           ;
; Total HSSI PMA RX Deserializers ; 0                                           ;
; Total HSSI TX PCSs              ; 0                                           ;
; Total HSSI PMA TX Serializers   ; 0                                           ;
; Total PLLs                      ; 0                                           ;
; Total DLLs                      ; 0                                           ;
+---------------------------------+---------------------------------------------+


+---------------------------------------------------------------------------------------------------------------------------+
; Analysis & Synthesis Settings                                                                                             ;
+---------------------------------------------------------------------------------+--------------------+--------------------+
; Option                                                                          ; Setting            ; Default Value      ;
+---------------------------------------------------------------------------------+--------------------+--------------------+
; Device                                                                          ; 5CEBA4F23C7        ;                    ;
; Top-level entity name                                                           ; aula7              ; aula7              ;
; Family name                                                                     ; Cyclone V          ; Cyclone V          ;
; Maximum processors allowed for parallel compilation                             ; All                ;                    ;
; VHDL Show LMF Mapping Messages                                                  ; Off                ;                    ;
; VHDL Version                                                                    ; VHDL_2008          ; VHDL_1993          ;
; Use smart compilation                                                           ; Off                ; Off                ;
; Enable parallel Assembler and Timing Analyzer during compilation                ; On                 ; On                 ;
; Enable compact report table                                                     ; Off                ; Off                ;
; Restructure Multiplexers                                                        ; Auto               ; Auto               ;
; MLAB Add Timing Constraints For Mixed-Port Feed-Through Mode Setting Don't Care ; Off                ; Off                ;
; Create Debugging Nodes for IP Cores                                             ; Off                ; Off                ;
; Preserve fewer node names                                                       ; On                 ; On                 ;
; Intel FPGA IP Evaluation Mode                                                   ; Enable             ; Enable             ;
; Verilog Version                                                                 ; Verilog_2001       ; Verilog_2001       ;
; State Machine Processing                                                        ; Auto               ; Auto               ;
; Safe State Machine                                                              ; Off                ; Off                ;
; Extract Verilog State Machines                                                  ; On                 ; On                 ;
; Extract VHDL State Machines                                                     ; On                 ; On                 ;
; Ignore Verilog initial constructs                                               ; Off                ; Off                ;
; Iteration limit for constant Verilog loops                                      ; 5000               ; 5000               ;
; Iteration limit for non-constant Verilog loops                                  ; 250                ; 250                ;
; Add Pass-Through Logic to Inferred RAMs                                         ; On                 ; On                 ;
; Infer RAMs from Raw Logic                                                       ; On                 ; On                 ;
; Parallel Synthesis                                                              ; On                 ; On                 ;
; DSP Block Balancing                                                             ; Auto               ; Auto               ;
; NOT Gate Push-Back                                                              ; On                 ; On                 ;
; Power-Up Don't Care                                                             ; On                 ; On                 ;
; Remove Redundant Logic Cells                                                    ; Off                ; Off                ;
; Remove Duplicate Registers                                                      ; On                 ; On                 ;
; Ignore CARRY Buffers                                                            ; Off                ; Off                ;
; Ignore CASCADE Buffers                                                          ; Off                ; Off                ;
; Ignore GLOBAL Buffers                                                           ; Off                ; Off                ;
; Ignore ROW GLOBAL Buffers                                                       ; Off                ; Off                ;
; Ignore LCELL Buffers                                                            ; Off                ; Off                ;
; Ignore SOFT Buffers                                                             ; On                 ; On                 ;
; Limit AHDL Integers to 32 Bits                                                  ; Off                ; Off                ;
; Optimization Technique                                                          ; Balanced           ; Balanced           ;
; Carry Chain Length                                                              ; 70                 ; 70                 ;
; Auto Carry Chains                                                               ; On                 ; On                 ;
; Auto Open-Drain Pins                                                            ; On                 ; On                 ;
; Perform WYSIWYG Primitive Resynthesis                                           ; Off                ; Off                ;
; Auto ROM Replacement                                                            ; On                 ; On                 ;
; Auto RAM Replacement                                                            ; On                 ; On                 ;
; Auto DSP Block Replacement                                                      ; On                 ; On                 ;
; Auto Shift Register Replacement                                                 ; Auto               ; Auto               ;
; Allow Shift Register Merging across Hierarchies                                 ; Auto               ; Auto               ;
; Auto Clock Enable Replacement                                                   ; On                 ; On                 ;
; Strict RAM Replacement                                                          ; Off                ; Off                ;
; Allow Synchronous Control Signals                                               ; On                 ; On                 ;
; Force Use of Synchronous Clear Signals                                          ; Off                ; Off                ;
; Auto Resource Sharing                                                           ; Off                ; Off                ;
; Allow Any RAM Size For Recognition                                              ; Off                ; Off                ;
; Allow Any ROM Size For Recognition                                              ; Off                ; Off                ;
; Allow Any Shift Register Size For Recognition                                   ; Off                ; Off                ;
; Use LogicLock Constraints during Resource Balancing                             ; On                 ; On                 ;
; Ignore translate_off and synthesis_off directives                               ; Off                ; Off                ;
; Timing-Driven Synthesis                                                         ; On                 ; On                 ;
; Report Parameter Settings                                                       ; On                 ; On                 ;
; Report Source Assignments                                                       ; On                 ; On                 ;
; Report Connectivity Checks                                                      ; On                 ; On                 ;
; Ignore Maximum Fan-Out Assignments                                              ; Off                ; Off                ;
; Synchronization Register Chain Length                                           ; 3                  ; 3                  ;
; Power Optimization During Synthesis                                             ; Normal compilation ; Normal compilation ;
; HDL message level                                                               ; Level2             ; Level2             ;
; Suppress Register Optimization Related Messages                                 ; Off                ; Off                ;
; Number of Removed Registers Reported in Synthesis Report                        ; 5000               ; 5000               ;
; Number of Swept Nodes Reported in Synthesis Report                              ; 5000               ; 5000               ;
; Number of Inverted Registers Reported in Synthesis Report                       ; 100                ; 100                ;
; Clock MUX Protection                                                            ; On                 ; On                 ;
; Auto Gated Clock Conversion                                                     ; Off                ; Off                ;
; Block Design Naming                                                             ; Auto               ; Auto               ;
; SDC constraint protection                                                       ; Off                ; Off                ;
; Synthesis Effort                                                                ; Auto               ; Auto               ;
; Shift Register Replacement - Allow Asynchronous Clear Signal                    ; On                 ; On                 ;
; Pre-Mapping Resynthesis Optimization                                            ; Off                ; Off                ;
; Analysis & Synthesis Message Level                                              ; Medium             ; Medium             ;
; Disable Register Merging Across Hierarchies                                     ; Auto               ; Auto               ;
; Resource Aware Inference For Block RAM                                          ; On                 ; On                 ;
; Automatic Parallel Synthesis                                                    ; On                 ; On                 ;
; Partial Reconfiguration Bitstream ID                                            ; Off                ; Off                ;
+---------------------------------------------------------------------------------+--------------------+--------------------+


+------------------------------------------+
; Parallel Compilation                     ;
+----------------------------+-------------+
; Processors                 ; Number      ;
+----------------------------+-------------+
; Number detected on machine ; 16          ;
; Maximum allowed            ; 16          ;
;                            ;             ;
; Average used               ; 1.00        ;
; Maximum used               ; 16          ;
;                            ;             ;
; Usage by Processor         ; % Time Used ;
;     Processor 1            ; 100.0%      ;
;     Processors 2-16        ;   0.0%      ;
+----------------------------+-------------+


+---------------------------------------------------------------------------------------------------------------------------------------------------------------------+
; Analysis & Synthesis Source Files Read                                                                                                                              ;
+----------------------------------+-----------------+-----------------+------------------------------------------------------------------------------------+---------+
; File Name with User-Entered Path ; Used in Netlist ; File Type       ; File Name with Absolute Path                                                       ; Library ;
+----------------------------------+-----------------+-----------------+------------------------------------------------------------------------------------+---------+
; processador_aula.vhd             ; yes             ; User VHDL File  ; C:/Users/guilh/descomp_projRelogio/aula7/aula7_restored/processador_aula.vhd       ;         ;
; ULASomaSub.vhd                   ; yes             ; User VHDL File  ; C:/Users/guilh/descomp_projRelogio/aula7/aula7_restored/ULASomaSub.vhd             ;         ;
; somaConstante.vhd                ; yes             ; User VHDL File  ; C:/Users/guilh/descomp_projRelogio/aula7/aula7_restored/somaConstante.vhd          ;         ;
; registradorGenerico.vhd          ; yes             ; User VHDL File  ; C:/Users/guilh/descomp_projRelogio/aula7/aula7_restored/registradorGenerico.vhd    ;         ;
; muxGenerico4x1.vhd               ; yes             ; User VHDL File  ; C:/Users/guilh/descomp_projRelogio/aula7/aula7_restored/muxGenerico4x1.vhd         ;         ;
; muxGenerico2x1.vhd               ; yes             ; User VHDL File  ; C:/Users/guilh/descomp_projRelogio/aula7/aula7_restored/muxGenerico2x1.vhd         ;         ;
; memoriaROM.vhd                   ; yes             ; User VHDL File  ; C:/Users/guilh/descomp_projRelogio/aula7/aula7_restored/memoriaROM.vhd             ;         ;
; memoriaRAM.vhd                   ; yes             ; User VHDL File  ; C:/Users/guilh/descomp_projRelogio/aula7/aula7_restored/memoriaRAM.vhd             ;         ;
; flipflop.vhd                     ; yes             ; User VHDL File  ; C:/Users/guilh/descomp_projRelogio/aula7/aula7_restored/flipflop.vhd               ;         ;
; edgeDetector.vhd                 ; yes             ; User VHDL File  ; C:/Users/guilh/descomp_projRelogio/aula7/aula7_restored/edgeDetector.vhd           ;         ;
; decoder.vhd                      ; yes             ; User VHDL File  ; C:/Users/guilh/descomp_projRelogio/aula7/aula7_restored/decoder.vhd                ;         ;
; aula7.vhd                        ; yes             ; User VHDL File  ; C:/Users/guilh/descomp_projRelogio/aula7/aula7_restored/aula7.vhd                  ;         ;
; decoder3x8.vhd                   ; yes             ; User VHDL File  ; C:/Users/guilh/descomp_projRelogio/aula7/aula7_restored/decoder3x8.vhd             ;         ;
; buffer_3_state_8portas.vhd       ; yes             ; User VHDL File  ; C:/Users/guilh/descomp_projRelogio/aula7/aula7_restored/buffer_3_state_8portas.vhd ;         ;
; buffer_3_state_1porta.vhd        ; yes             ; User VHDL File  ; C:/Users/guilh/descomp_projRelogio/aula7/aula7_restored/buffer_3_state_1porta.vhd  ;         ;
; conversorHex7Seg.vhd             ; yes             ; User VHDL File  ; C:/Users/guilh/descomp_projRelogio/aula7/aula7_restored/conversorHex7Seg.vhd       ;         ;
+----------------------------------+-----------------+-----------------+------------------------------------------------------------------------------------+---------+


+---------------------------------------------------------------------------------+
; Analysis & Synthesis Resource Usage Summary                                     ;
+---------------------------------------------+-----------------------------------+
; Resource                                    ; Usage                             ;
+---------------------------------------------+-----------------------------------+
; Estimate of Logic utilization (ALMs needed) ; 27                                ;
;                                             ;                                   ;
; Combinational ALUT usage for logic          ; 48                                ;
;     -- 7 input functions                    ; 0                                 ;
;     -- 6 input functions                    ; 4                                 ;
;     -- 5 input functions                    ; 7                                 ;
;     -- 4 input functions                    ; 20                                ;
;     -- <=3 input functions                  ; 17                                ;
;                                             ;                                   ;
; Dedicated logic registers                   ; 17                                ;
;                                             ;                                   ;
; I/O pins                                    ; 49                                ;
;                                             ;                                   ;
; Total DSP Blocks                            ; 0                                 ;
;                                             ;                                   ;
; Maximum fan-out node                        ; memoriaROM:ROM_instrucao|memROM~1 ;
; Maximum fan-out                             ; 17                                ;
; Total fan-out                               ; 315                               ;
; Average fan-out                             ; 1.93                              ;
+---------------------------------------------+-----------------------------------+


+-------------------------------------------------------------------------------------------------------------------------------------------------------------------------------------------------------------------------------------------------------+
; Analysis & Synthesis Resource Utilization by Entity                                                                                                                                                                                                   ;
+----------------------------------------+---------------------+---------------------------+-------------------+------------+------+--------------+----------------------------------------------------------------+---------------------+--------------+
; Compilation Hierarchy Node             ; Combinational ALUTs ; Dedicated Logic Registers ; Block Memory Bits ; DSP Blocks ; Pins ; Virtual Pins ; Full Hierarchy Name                                            ; Entity Name         ; Library Name ;
+----------------------------------------+---------------------+---------------------------+-------------------+------------+------+--------------+----------------------------------------------------------------+---------------------+--------------+
; |aula7                                 ; 48 (2)              ; 17 (0)                    ; 0                 ; 0          ; 49   ; 0            ; |aula7                                                         ; aula7               ; work         ;
;    |conversorHex7Seg:decoder_binario1| ; 7 (7)               ; 0 (0)                     ; 0                 ; 0          ; 0    ; 0            ; |aula7|conversorHex7Seg:decoder_binario1                       ; conversorHex7Seg    ; work         ;
;    |memoriaROM:ROM_instrucao|          ; 15 (15)             ; 0 (0)                     ; 0                 ; 0          ; 0    ; 0            ; |aula7|memoriaROM:ROM_instrucao                                ; memoriaROM          ; work         ;
;    |processadoR_aula:processador|      ; 24 (0)              ; 13 (0)                    ; 0                 ; 0          ; 0    ; 0            ; |aula7|processadoR_aula:processador                            ; processadoR_aula    ; work         ;
;       |ULASomaSub:ULA1|                ; 5 (5)               ; 0 (0)                     ; 0                 ; 0          ; 0    ; 0            ; |aula7|processadoR_aula:processador|ULASomaSub:ULA1            ; ULASomaSub          ; work         ;
;       |decoder:decoder|                ; 6 (6)               ; 0 (0)                     ; 0                 ; 0          ; 0    ; 0            ; |aula7|processadoR_aula:processador|decoder:decoder            ; decoder             ; work         ;
;       |muxGenerico2x1:MUX1|            ; 4 (4)               ; 0 (0)                     ; 0                 ; 0          ; 0    ; 0            ; |aula7|processadoR_aula:processador|muxGenerico2x1:MUX1        ; muxGenerico2x1      ; work         ;
;       |registradorGenerico:PC|         ; 0 (0)               ; 9 (9)                     ; 0                 ; 0          ; 0    ; 0            ; |aula7|processadoR_aula:processador|registradorGenerico:PC     ; registradorGenerico ; work         ;
;       |registradorGenerico:REGA|       ; 0 (0)               ; 4 (4)                     ; 0                 ; 0          ; 0    ; 0            ; |aula7|processadoR_aula:processador|registradorGenerico:REGA   ; registradorGenerico ; work         ;
;       |somaConstante:incrementaPC|     ; 9 (9)               ; 0 (0)                     ; 0                 ; 0          ; 0    ; 0            ; |aula7|processadoR_aula:processador|somaConstante:incrementaPC ; somaConstante       ; work         ;
;    |registradorGenerico:REG_4bit1|     ; 0 (0)               ; 4 (4)                     ; 0                 ; 0          ; 0    ; 0            ; |aula7|registradorGenerico:REG_4bit1                           ; registradorGenerico ; work         ;
+----------------------------------------+---------------------+---------------------------+-------------------+------------+------+--------------+----------------------------------------------------------------+---------------------+--------------+
Note: For table entries with two numbers listed, the numbers in parentheses indicate the number of resources of the given type used by the specific entity alone. The numbers listed outside of parentheses indicate the total resources of the given type used by the specific entity and all of its sub-entities in the hierarchy.


+-----------------------------------------------------------------------------------------------------------------------------+
; Registers Removed During Synthesis                                                                                          ;
+-------------------------------------------------------------------------+---------------------------------------------------+
; Register name                                                           ; Reason for Removal                                ;
+-------------------------------------------------------------------------+---------------------------------------------------+
; registradorGenerico:REG_4bit2|DOUT[3]                                   ; Merged with registradorGenerico:REG_4bit1|DOUT[3] ;
; registradorGenerico:REG_4bit2|DOUT[2]                                   ; Merged with registradorGenerico:REG_4bit1|DOUT[2] ;
; registradorGenerico:REG_4bit2|DOUT[1]                                   ; Merged with registradorGenerico:REG_4bit1|DOUT[1] ;
; registradorGenerico:REG_4bit2|DOUT[0]                                   ; Merged with registradorGenerico:REG_4bit1|DOUT[0] ;
; flipflop:flipflop_debounce|DOUT                                         ; Lost fanout                                       ;
; edgeDetector:edgeDetector|saidaQ                                        ; Lost fanout                                       ;
; processadoR_aula:processador|registradorGenerico:End_retorno|DOUT[0]    ; Stuck at GND due to stuck port clock_enable       ;
; processadoR_aula:processador|flipflop:flipflop|DOUT                     ; Stuck at GND due to stuck port clock_enable       ;
; processadoR_aula:processador|registradorGenerico:End_retorno|DOUT[1..8] ; Stuck at GND due to stuck port clock_enable       ;
; registradorGenerico:registrador_8bits|DOUT[0..7]                        ; Stuck at GND due to stuck port clock_enable       ;
; flipflop:flipflop2|DOUT                                                 ; Stuck at GND due to stuck port clock_enable       ;
; flipflop:flipflop1|DOUT                                                 ; Stuck at GND due to stuck port clock_enable       ;
; processadoR_aula:processador|registradorGenerico:REGA|DOUT[4..7]        ; Lost fanout                                       ;
; Total Number of Removed Registers = 30                                  ;                                                   ;
+-------------------------------------------------------------------------+---------------------------------------------------+


+------------------------------------------------------------------------------------------------------------------------------------------------+
; Removed Registers Triggering Further Register Optimizations                                                                                    ;
+-----------------------------------------------+--------------------------------+---------------------------------------------------------------+
; Register name                                 ; Reason for Removal             ; Registers Removed due to This Register                        ;
+-----------------------------------------------+--------------------------------+---------------------------------------------------------------+
; flipflop:flipflop_debounce|DOUT               ; Lost Fanouts                   ; edgeDetector:edgeDetector|saidaQ                              ;
; registradorGenerico:registrador_8bits|DOUT[4] ; Stuck at GND                   ; processadoR_aula:processador|registradorGenerico:REGA|DOUT[4] ;
;                                               ; due to stuck port clock_enable ;                                                               ;
; registradorGenerico:registrador_8bits|DOUT[5] ; Stuck at GND                   ; processadoR_aula:processador|registradorGenerico:REGA|DOUT[5] ;
;                                               ; due to stuck port clock_enable ;                                                               ;
; registradorGenerico:registrador_8bits|DOUT[6] ; Stuck at GND                   ; processadoR_aula:processador|registradorGenerico:REGA|DOUT[6] ;
;                                               ; due to stuck port clock_enable ;                                                               ;
; registradorGenerico:registrador_8bits|DOUT[7] ; Stuck at GND                   ; processadoR_aula:processador|registradorGenerico:REGA|DOUT[7] ;
;                                               ; due to stuck port clock_enable ;                                                               ;
+-----------------------------------------------+--------------------------------+---------------------------------------------------------------+


+------------------------------------------------------+
; General Register Statistics                          ;
+----------------------------------------------+-------+
; Statistic                                    ; Value ;
+----------------------------------------------+-------+
; Total registers                              ; 17    ;
; Number of registers using Synchronous Clear  ; 0     ;
; Number of registers using Synchronous Load   ; 13    ;
; Number of registers using Asynchronous Clear ; 0     ;
; Number of registers using Asynchronous Load  ; 0     ;
; Number of registers using Clock Enable       ; 8     ;
; Number of registers using Preset             ; 0     ;
+----------------------------------------------+-------+


+-----------------------------------------------------------------------+
; Parameter Settings for User Entity Instance: Top-level Entity: |aula7 ;
+----------------+-------+----------------------------------------------+
; Parameter Name ; Value ; Type                                         ;
+----------------+-------+----------------------------------------------+
; DATA_WIDTH     ; 8     ; Signed Integer                               ;
; ADDR_WIDTH     ; 9     ; Signed Integer                               ;
; simulacao      ; true  ; Enumerated                                   ;
+----------------+-------+----------------------------------------------+
Note: In order to hide this table in the UI and the text report file, please set the "Show Parameter Settings in Synthesis Report" option in "Analysis and Synthesis Settings -> More Settings" to "Off".


+--------------------------------------------------------------------+
; Parameter Settings for User Entity Instance: memoriaRAM:MemoriaRAM ;
+----------------+-------+-------------------------------------------+
; Parameter Name ; Value ; Type                                      ;
+----------------+-------+-------------------------------------------+
; datawidth      ; 8     ; Signed Integer                            ;
; addrwidth      ; 6     ; Signed Integer                            ;
+----------------+-------+-------------------------------------------+
Note: In order to hide this table in the UI and the text report file, please set the "Show Parameter Settings in Synthesis Report" option in "Analysis and Synthesis Settings -> More Settings" to "Off".


+-------------------------------------------------------------------------+
; Parameter Settings for User Entity Instance: flipflop:flipflop_debounce ;
+----------------+-------+------------------------------------------------+
; Parameter Name ; Value ; Type                                           ;
+----------------+-------+------------------------------------------------+
; larguradados   ; 1     ; Signed Integer                                 ;
+----------------+-------+------------------------------------------------+
Note: In order to hide this table in the UI and the text report file, please set the "Show Parameter Settings in Synthesis Report" option in "Analysis and Synthesis Settings -> More Settings" to "Off".


+-----------------------------------------------------------------------+
; Parameter Settings for User Entity Instance: memoriaROM:ROM_instrucao ;
+----------------+-------+----------------------------------------------+
; Parameter Name ; Value ; Type                                         ;
+----------------+-------+----------------------------------------------+
; datawidth      ; 13    ; Signed Integer                               ;
; addrwidth      ; 9     ; Signed Integer                               ;
+----------------+-------+----------------------------------------------+
Note: In order to hide this table in the UI and the text report file, please set the "Show Parameter Settings in Synthesis Report" option in "Analysis and Synthesis Settings -> More Settings" to "Off".


+---------------------------------------------------------------------------+
; Parameter Settings for User Entity Instance: processadoR_aula:processador ;
+------------------+-------+------------------------------------------------+
; Parameter Name   ; Value ; Type                                           ;
+------------------+-------+------------------------------------------------+
; larguradados     ; 8     ; Signed Integer                                 ;
; larguraenderecos ; 9     ; Signed Integer                                 ;
; tamanhorom       ; 9     ; Signed Integer                                 ;
; dadorom          ; 13    ; Signed Integer                                 ;
; dadoram          ; 8     ; Signed Integer                                 ;
+------------------+-------+------------------------------------------------+
Note: In order to hide this table in the UI and the text report file, please set the "Show Parameter Settings in Synthesis Report" option in "Analysis and Synthesis Settings -> More Settings" to "Off".


+-----------------------------------------------------------------------------------------------+
; Parameter Settings for User Entity Instance: processadoR_aula:processador|muxGenerico2x1:MUX1 ;
+----------------+-------+----------------------------------------------------------------------+
; Parameter Name ; Value ; Type                                                                 ;
+----------------+-------+----------------------------------------------------------------------+
; larguradados   ; 8     ; Signed Integer                                                       ;
+----------------+-------+----------------------------------------------------------------------+
Note: In order to hide this table in the UI and the text report file, please set the "Show Parameter Settings in Synthesis Report" option in "Analysis and Synthesis Settings -> More Settings" to "Off".


+-------------------------------------------------------------------------------------------------+
; Parameter Settings for User Entity Instance: processadoR_aula:processador|muxGenerico4x1:MUXJMP ;
+----------------+-------+------------------------------------------------------------------------+
; Parameter Name ; Value ; Type                                                                   ;
+----------------+-------+------------------------------------------------------------------------+
; larguradados   ; 9     ; Signed Integer                                                         ;
+----------------+-------+------------------------------------------------------------------------+
Note: In order to hide this table in the UI and the text report file, please set the "Show Parameter Settings in Synthesis Report" option in "Analysis and Synthesis Settings -> More Settings" to "Off".


+----------------------------------------------------------------------------------------------------+
; Parameter Settings for User Entity Instance: processadoR_aula:processador|registradorGenerico:REGA ;
+----------------+-------+---------------------------------------------------------------------------+
; Parameter Name ; Value ; Type                                                                      ;
+----------------+-------+---------------------------------------------------------------------------+
; larguradados   ; 8     ; Signed Integer                                                            ;
+----------------+-------+---------------------------------------------------------------------------+
Note: In order to hide this table in the UI and the text report file, please set the "Show Parameter Settings in Synthesis Report" option in "Analysis and Synthesis Settings -> More Settings" to "Off".


+---------------------------------------------------------------------------------------------+
; Parameter Settings for User Entity Instance: processadoR_aula:processador|flipflop:flipflop ;
+----------------+-------+--------------------------------------------------------------------+
; Parameter Name ; Value ; Type                                                               ;
+----------------+-------+--------------------------------------------------------------------+
; larguradados   ; 1     ; Signed Integer                                                     ;
+----------------+-------+--------------------------------------------------------------------+
Note: In order to hide this table in the UI and the text report file, please set the "Show Parameter Settings in Synthesis Report" option in "Analysis and Synthesis Settings -> More Settings" to "Off".


+-----------------------------------------------------------------------------------------------------------+
; Parameter Settings for User Entity Instance: processadoR_aula:processador|registradorGenerico:End_retorno ;
+----------------+-------+----------------------------------------------------------------------------------+
; Parameter Name ; Value ; Type                                                                             ;
+----------------+-------+----------------------------------------------------------------------------------+
; larguradados   ; 9     ; Signed Integer                                                                   ;
+----------------+-------+----------------------------------------------------------------------------------+
Note: In order to hide this table in the UI and the text report file, please set the "Show Parameter Settings in Synthesis Report" option in "Analysis and Synthesis Settings -> More Settings" to "Off".


+--------------------------------------------------------------------------------------------------+
; Parameter Settings for User Entity Instance: processadoR_aula:processador|registradorGenerico:PC ;
+----------------+-------+-------------------------------------------------------------------------+
; Parameter Name ; Value ; Type                                                                    ;
+----------------+-------+-------------------------------------------------------------------------+
; larguradados   ; 9     ; Signed Integer                                                          ;
+----------------+-------+-------------------------------------------------------------------------+
Note: In order to hide this table in the UI and the text report file, please set the "Show Parameter Settings in Synthesis Report" option in "Analysis and Synthesis Settings -> More Settings" to "Off".


+------------------------------------------------------------------------------------------------------+
; Parameter Settings for User Entity Instance: processadoR_aula:processador|somaConstante:incrementaPC ;
+----------------+-------+-----------------------------------------------------------------------------+
; Parameter Name ; Value ; Type                                                                        ;
+----------------+-------+-----------------------------------------------------------------------------+
; larguradados   ; 9     ; Signed Integer                                                              ;
; constante      ; 1     ; Signed Integer                                                              ;
+----------------+-------+-----------------------------------------------------------------------------+
Note: In order to hide this table in the UI and the text report file, please set the "Show Parameter Settings in Synthesis Report" option in "Analysis and Synthesis Settings -> More Settings" to "Off".


+-------------------------------------------------------------------------------------------+
; Parameter Settings for User Entity Instance: processadoR_aula:processador|ULASomaSub:ULA1 ;
+----------------+-------+------------------------------------------------------------------+
; Parameter Name ; Value ; Type                                                             ;
+----------------+-------+------------------------------------------------------------------+
; larguradados   ; 8     ; Signed Integer                                                   ;
+----------------+-------+------------------------------------------------------------------+
Note: In order to hide this table in the UI and the text report file, please set the "Show Parameter Settings in Synthesis Report" option in "Analysis and Synthesis Settings -> More Settings" to "Off".


+-----------------------------------------------------------------+
; Parameter Settings for User Entity Instance: flipflop:flipflop1 ;
+----------------+-------+----------------------------------------+
; Parameter Name ; Value ; Type                                   ;
+----------------+-------+----------------------------------------+
; larguradados   ; 1     ; Signed Integer                         ;
+----------------+-------+----------------------------------------+
Note: In order to hide this table in the UI and the text report file, please set the "Show Parameter Settings in Synthesis Report" option in "Analysis and Synthesis Settings -> More Settings" to "Off".


+-----------------------------------------------------------------+
; Parameter Settings for User Entity Instance: flipflop:flipflop2 ;
+----------------+-------+----------------------------------------+
; Parameter Name ; Value ; Type                                   ;
+----------------+-------+----------------------------------------+
; larguradados   ; 1     ; Signed Integer                         ;
+----------------+-------+----------------------------------------+
Note: In order to hide this table in the UI and the text report file, please set the "Show Parameter Settings in Synthesis Report" option in "Analysis and Synthesis Settings -> More Settings" to "Off".


+------------------------------------------------------------------------------------+
; Parameter Settings for User Entity Instance: registradorGenerico:registrador_8bits ;
+----------------+-------+-----------------------------------------------------------+
; Parameter Name ; Value ; Type                                                      ;
+----------------+-------+-----------------------------------------------------------+
; larguradados   ; 8     ; Signed Integer                                            ;
+----------------+-------+-----------------------------------------------------------+
Note: In order to hide this table in the UI and the text report file, please set the "Show Parameter Settings in Synthesis Report" option in "Analysis and Synthesis Settings -> More Settings" to "Off".


+----------------------------------------------------------------------------+
; Parameter Settings for User Entity Instance: registradorGenerico:REG_4bit1 ;
+----------------+-------+---------------------------------------------------+
; Parameter Name ; Value ; Type                                              ;
+----------------+-------+---------------------------------------------------+
; larguradados   ; 4     ; Signed Integer                                    ;
+----------------+-------+---------------------------------------------------+
Note: In order to hide this table in the UI and the text report file, please set the "Show Parameter Settings in Synthesis Report" option in "Analysis and Synthesis Settings -> More Settings" to "Off".


+----------------------------------------------------------------------------+
; Parameter Settings for User Entity Instance: registradorGenerico:REG_4bit2 ;
+----------------+-------+---------------------------------------------------+
; Parameter Name ; Value ; Type                                              ;
+----------------+-------+---------------------------------------------------+
; larguradados   ; 4     ; Signed Integer                                    ;
+----------------+-------+---------------------------------------------------+
Note: In order to hide this table in the UI and the text report file, please set the "Show Parameter Settings in Synthesis Report" option in "Analysis and Synthesis Settings -> More Settings" to "Off".


+-----------------------------------------------------------+
; Port Connectivity Checks: "registradorGenerico:REG_4bit2" ;
+------+-------+----------+---------------------------------+
; Port ; Type  ; Severity ; Details                         ;
+------+-------+----------+---------------------------------+
; rst  ; Input ; Info     ; Stuck at GND                    ;
+------+-------+----------+---------------------------------+


+-----------------------------------------------------------+
; Port Connectivity Checks: "registradorGenerico:REG_4bit1" ;
+------+-------+----------+---------------------------------+
; Port ; Type  ; Severity ; Details                         ;
+------+-------+----------+---------------------------------+
; rst  ; Input ; Info     ; Stuck at GND                    ;
+------+-------+----------+---------------------------------+


+---------------------------------------------------------------+
; Port Connectivity Checks: "conversorHex7Seg:decoder_binario2" ;
+----------+-------+----------+---------------------------------+
; Port     ; Type  ; Severity ; Details                         ;
+----------+-------+----------+---------------------------------+
; apaga    ; Input ; Info     ; Stuck at GND                    ;
; negativo ; Input ; Info     ; Stuck at GND                    ;
; overflow ; Input ; Info     ; Stuck at GND                    ;
+----------+-------+----------+---------------------------------+


+---------------------------------------------------------------+
; Port Connectivity Checks: "conversorHex7Seg:decoder_binario1" ;
+----------+-------+----------+---------------------------------+
; Port     ; Type  ; Severity ; Details                         ;
+----------+-------+----------+---------------------------------+
; apaga    ; Input ; Info     ; Stuck at GND                    ;
; negativo ; Input ; Info     ; Stuck at GND                    ;
; overflow ; Input ; Info     ; Stuck at GND                    ;
+----------+-------+----------+---------------------------------+


+-------------------------------------------------------------------+
; Port Connectivity Checks: "registradorGenerico:registrador_8bits" ;
+------+-------+----------+-----------------------------------------+
; Port ; Type  ; Severity ; Details                                 ;
+------+-------+----------+-----------------------------------------+
; rst  ; Input ; Info     ; Stuck at GND                            ;
+------+-------+----------+-----------------------------------------+


+------------------------------------------------+
; Port Connectivity Checks: "flipflop:flipflop2" ;
+------+-------+----------+----------------------+
; Port ; Type  ; Severity ; Details              ;
+------+-------+----------+----------------------+
; rst  ; Input ; Info     ; Stuck at GND         ;
+------+-------+----------+----------------------+


+------------------------------------------------+
; Port Connectivity Checks: "flipflop:flipflop1" ;
+------+-------+----------+----------------------+
; Port ; Type  ; Severity ; Details              ;
+------+-------+----------+----------------------+
; rst  ; Input ; Info     ; Stuck at GND         ;
+------+-------+----------+----------------------+


+-----------------------------------------------------------------------------------------------------------------------+
; Port Connectivity Checks: "decoder3x8:decoder_end"                                                                    ;
+-------------+--------+----------+-------------------------------------------------------------------------------------+
; Port        ; Type   ; Severity ; Details                                                                             ;
+-------------+--------+----------+-------------------------------------------------------------------------------------+
; saida[7..5] ; Output ; Info     ; Connected to dangling logic. Logic that only feeds a dangling port will be removed. ;
+-------------+--------+----------+-------------------------------------------------------------------------------------+


+-----------------------------------------------------------------------------------------------------------------------+
; Port Connectivity Checks: "decoder3x8:decoder_blocos"                                                                 ;
+-------------+--------+----------+-------------------------------------------------------------------------------------+
; Port        ; Type   ; Severity ; Details                                                                             ;
+-------------+--------+----------+-------------------------------------------------------------------------------------+
; saida[7..6] ; Output ; Info     ; Connected to dangling logic. Logic that only feeds a dangling port will be removed. ;
; saida[3..1] ; Output ; Info     ; Connected to dangling logic. Logic that only feeds a dangling port will be removed. ;
+-------------+--------+----------+-------------------------------------------------------------------------------------+


+---------------------------------------------------------------------------------+
; Port Connectivity Checks: "processadoR_aula:processador|registradorGenerico:PC" ;
+--------+-------+----------+-----------------------------------------------------+
; Port   ; Type  ; Severity ; Details                                             ;
+--------+-------+----------+-----------------------------------------------------+
; enable ; Input ; Info     ; Stuck at VCC                                        ;
; rst    ; Input ; Info     ; Stuck at GND                                        ;
+--------+-------+----------+-----------------------------------------------------+


+------------------------------------------------------------------------------------------+
; Port Connectivity Checks: "processadoR_aula:processador|registradorGenerico:End_retorno" ;
+------+-------+----------+----------------------------------------------------------------+
; Port ; Type  ; Severity ; Details                                                        ;
+------+-------+----------+----------------------------------------------------------------+
; rst  ; Input ; Info     ; Stuck at GND                                                   ;
+------+-------+----------+----------------------------------------------------------------+


+----------------------------------------------------------------------------+
; Port Connectivity Checks: "processadoR_aula:processador|flipflop:flipflop" ;
+------+-------+----------+--------------------------------------------------+
; Port ; Type  ; Severity ; Details                                          ;
+------+-------+----------+--------------------------------------------------+
; rst  ; Input ; Info     ; Stuck at GND                                     ;
+------+-------+----------+--------------------------------------------------+


+-----------------------------------------------------------------------------------+
; Port Connectivity Checks: "processadoR_aula:processador|registradorGenerico:REGA" ;
+------+-------+----------+---------------------------------------------------------+
; Port ; Type  ; Severity ; Details                                                 ;
+------+-------+----------+---------------------------------------------------------+
; rst  ; Input ; Info     ; Stuck at GND                                            ;
+------+-------+----------+---------------------------------------------------------+


+--------------------------------------------------------------------------------+
; Port Connectivity Checks: "processadoR_aula:processador|muxGenerico4x1:MUXJMP" ;
+--------------+-------+----------+----------------------------------------------+
; Port         ; Type  ; Severity ; Details                                      ;
+--------------+-------+----------+----------------------------------------------+
; entradad_mux ; Input ; Info     ; Stuck at GND                                 ;
+--------------+-------+----------+----------------------------------------------+


+--------------------------------------------------------+
; Port Connectivity Checks: "flipflop:flipflop_debounce" ;
+--------+-------+----------+----------------------------+
; Port   ; Type  ; Severity ; Details                    ;
+--------+-------+----------+----------------------------+
; din    ; Input ; Info     ; Stuck at VCC               ;
; enable ; Input ; Info     ; Stuck at VCC               ;
+--------+-------+----------+----------------------------+


+-----------------------------------------------------+
; Post-Synthesis Netlist Statistics for Top Partition ;
+-----------------------+-----------------------------+
; Type                  ; Count                       ;
+-----------------------+-----------------------------+
; arriav_ff             ; 17                          ;
;     ENA               ; 4                           ;
;     ENA SLD           ; 4                           ;
;     SLD               ; 9                           ;
; arriav_lcell_comb     ; 48                          ;
;     arith             ; 14                          ;
;         1 data inputs ; 9                           ;
;         4 data inputs ; 1                           ;
;         5 data inputs ; 4                           ;
;     normal            ; 34                          ;
;         0 data inputs ; 1                           ;
;         2 data inputs ; 6                           ;
;         3 data inputs ; 1                           ;
;         4 data inputs ; 19                          ;
;         5 data inputs ; 3                           ;
;         6 data inputs ; 4                           ;
; boundary_port         ; 49                          ;
;                       ;                             ;
; Max LUT depth         ; 3.40                        ;
; Average LUT depth     ; 2.27                        ;
+-----------------------+-----------------------------+


+-------------------------------+
; Elapsed Time Per Partition    ;
+----------------+--------------+
; Partition Name ; Elapsed Time ;
+----------------+--------------+
; Top            ; 00:00:00     ;
+----------------+--------------+


+-------------------------------+
; Analysis & Synthesis Messages ;
+-------------------------------+
Info: *******************************************************************
Info: Running Quartus Prime Analysis & Synthesis
    Info: Version 20.1.0 Build 711 06/05/2020 SJ Lite Edition
    Info: Processing started: Tue Apr 19 23:37:58 2022
Info: Command: quartus_map --read_settings_files=on --write_settings_files=off aula7 -c aula7
Info (20030): Parallel compilation is enabled and will use 16 of the 16 processors detected
Info (12021): Found 2 design units, including 1 entities, in source file processador_aula.vhd
    Info (12022): Found design unit 1: processador_aula-arquitetura File: C:/Users/guilh/descomp_projRelogio/aula7/aula7_restored/processador_aula.vhd Line: 24
    Info (12023): Found entity 1: processadoR_aula File: C:/Users/guilh/descomp_projRelogio/aula7/aula7_restored/processador_aula.vhd Line: 4
Info (12021): Found 2 design units, including 1 entities, in source file ulasomasub.vhd
    Info (12022): Found design unit 1: ULASomaSub-comportamento File: C:/Users/guilh/descomp_projRelogio/aula7/aula7_restored/ULASomaSub.vhd Line: 15
    Info (12023): Found entity 1: ULASomaSub File: C:/Users/guilh/descomp_projRelogio/aula7/aula7_restored/ULASomaSub.vhd Line: 5
Info (12021): Found 2 design units, including 1 entities, in source file somaconstante.vhd
    Info (12022): Found design unit 1: somaConstante-comportamento File: C:/Users/guilh/descomp_projRelogio/aula7/aula7_restored/somaConstante.vhd Line: 18
    Info (12023): Found entity 1: somaConstante File: C:/Users/guilh/descomp_projRelogio/aula7/aula7_restored/somaConstante.vhd Line: 5
Info (12021): Found 2 design units, including 1 entities, in source file registradorretorno.vhd
    Info (12022): Found design unit 1: registradorRetorno-comportamento File: C:/Users/guilh/descomp_projRelogio/aula7/aula7_restored/registradorRetorno.vhd Line: 15
    Info (12023): Found entity 1: registradorRetorno File: C:/Users/guilh/descomp_projRelogio/aula7/aula7_restored/registradorRetorno.vhd Line: 4
Info (12021): Found 2 design units, including 1 entities, in source file registradorgenerico.vhd
    Info (12022): Found design unit 1: registradorGenerico-comportamento File: C:/Users/guilh/descomp_projRelogio/aula7/aula7_restored/registradorGenerico.vhd Line: 15
    Info (12023): Found entity 1: registradorGenerico File: C:/Users/guilh/descomp_projRelogio/aula7/aula7_restored/registradorGenerico.vhd Line: 4
Info (12021): Found 2 design units, including 1 entities, in source file muxgenerico4x1.vhd
    Info (12022): Found design unit 1: muxGenerico4x1-comportamento File: C:/Users/guilh/descomp_projRelogio/aula7/aula7_restored/muxGenerico4x1.vhd Line: 14
    Info (12023): Found entity 1: muxGenerico4x1 File: C:/Users/guilh/descomp_projRelogio/aula7/aula7_restored/muxGenerico4x1.vhd Line: 4
Info (12021): Found 2 design units, including 1 entities, in source file muxgenerico2x1.vhd
    Info (12022): Found design unit 1: muxGenerico2x1-comportamento File: C:/Users/guilh/descomp_projRelogio/aula7/aula7_restored/muxGenerico2x1.vhd Line: 14
    Info (12023): Found entity 1: muxGenerico2x1 File: C:/Users/guilh/descomp_projRelogio/aula7/aula7_restored/muxGenerico2x1.vhd Line: 4
Info (12021): Found 2 design units, including 1 entities, in source file memoriarom.vhd
    Info (12022): Found design unit 1: memoriaROM-assincrona File: C:/Users/guilh/descomp_projRelogio/aula7/aula7_restored/memoriaROM.vhd Line: 16
    Info (12023): Found entity 1: memoriaROM File: C:/Users/guilh/descomp_projRelogio/aula7/aula7_restored/memoriaROM.vhd Line: 5
Info (12021): Found 2 design units, including 1 entities, in source file memoriaram.vhd
    Info (12022): Found design unit 1: memoriaRAM-rtl File: C:/Users/guilh/descomp_projRelogio/aula7/aula7_restored/memoriaRAM.vhd Line: 22
    Info (12023): Found entity 1: memoriaRAM File: C:/Users/guilh/descomp_projRelogio/aula7/aula7_restored/memoriaRAM.vhd Line: 6
Info (12021): Found 2 design units, including 1 entities, in source file flipflop.vhd
    Info (12022): Found design unit 1: flipflop-comportamento File: C:/Users/guilh/descomp_projRelogio/aula7/aula7_restored/flipflop.vhd Line: 15
    Info (12023): Found entity 1: flipflop File: C:/Users/guilh/descomp_projRelogio/aula7/aula7_restored/flipflop.vhd Line: 4
Info (12021): Found 3 design units, including 1 entities, in source file edgedetector.vhd
    Info (12022): Found design unit 1: edgeDetector-bordaSubida File: C:/Users/guilh/descomp_projRelogio/aula7/aula7_restored/edgeDetector.vhd Line: 10
    Info (12022): Found design unit 2: edgeDetector-bordaDescida File: C:/Users/guilh/descomp_projRelogio/aula7/aula7_restored/edgeDetector.vhd Line: 23
    Info (12023): Found entity 1: edgeDetector File: C:/Users/guilh/descomp_projRelogio/aula7/aula7_restored/edgeDetector.vhd Line: 4
Info (12021): Found 2 design units, including 1 entities, in source file decoder.vhd
    Info (12022): Found design unit 1: decoder-comportamento File: C:/Users/guilh/descomp_projRelogio/aula7/aula7_restored/decoder.vhd Line: 12
    Info (12023): Found entity 1: decoder File: C:/Users/guilh/descomp_projRelogio/aula7/aula7_restored/decoder.vhd Line: 4
Info (12021): Found 2 design units, including 1 entities, in source file aula7.vhd
    Info (12022): Found design unit 1: aula7-arch_name File: C:/Users/guilh/descomp_projRelogio/aula7/aula7_restored/aula7.vhd Line: 26
    Info (12023): Found entity 1: aula7 File: C:/Users/guilh/descomp_projRelogio/aula7/aula7_restored/aula7.vhd Line: 5
Info (12021): Found 2 design units, including 1 entities, in source file decoder3x8.vhd
    Info (12022): Found design unit 1: decoder3x8-comportamento File: C:/Users/guilh/descomp_projRelogio/aula7/aula7_restored/decoder3x8.vhd Line: 10
    Info (12023): Found entity 1: decoder3x8 File: C:/Users/guilh/descomp_projRelogio/aula7/aula7_restored/decoder3x8.vhd Line: 4
Info (12021): Found 2 design units, including 1 entities, in source file buffer_3_state_8portas.vhd
    Info (12022): Found design unit 1: buffer_3_state_8portas-comportamento File: C:/Users/guilh/descomp_projRelogio/aula7/aula7_restored/buffer_3_state_8portas.vhd Line: 11
    Info (12023): Found entity 1: buffer_3_state_8portas File: C:/Users/guilh/descomp_projRelogio/aula7/aula7_restored/buffer_3_state_8portas.vhd Line: 4
Info (12021): Found 2 design units, including 1 entities, in source file buffer_3_state_1porta.vhd
    Info (12022): Found design unit 1: buffer_3_state_1porta-comportamento File: C:/Users/guilh/descomp_projRelogio/aula7/aula7_restored/buffer_3_state_1porta.vhd Line: 11
    Info (12023): Found entity 1: buffer_3_state_1porta File: C:/Users/guilh/descomp_projRelogio/aula7/aula7_restored/buffer_3_state_1porta.vhd Line: 4
Info (12021): Found 2 design units, including 1 entities, in source file conversorhex7seg.vhd
    Info (12022): Found design unit 1: conversorHex7Seg-comportamento File: C:/Users/guilh/descomp_projRelogio/aula7/aula7_restored/conversorHex7Seg.vhd Line: 17
    Info (12023): Found entity 1: conversorHex7Seg File: C:/Users/guilh/descomp_projRelogio/aula7/aula7_restored/conversorHex7Seg.vhd Line: 4
Info (12127): Elaborating entity "aula7" for the top level hierarchy
Info (12128): Elaborating entity "memoriaRAM" for hierarchy "memoriaRAM:MemoriaRAM" File: C:/Users/guilh/descomp_projRelogio/aula7/aula7_restored/aula7.vhd Line: 70
Info (12128): Elaborating entity "edgeDetector" for hierarchy "edgeDetector:edgeDetector" File: C:/Users/guilh/descomp_projRelogio/aula7/aula7_restored/aula7.vhd Line: 76
Info (12128): Elaborating entity "flipflop" for hierarchy "flipflop:flipflop_debounce" File: C:/Users/guilh/descomp_projRelogio/aula7/aula7_restored/aula7.vhd Line: 80
Info (12128): Elaborating entity "memoriaROM" for hierarchy "memoriaROM:ROM_instrucao" File: C:/Users/guilh/descomp_projRelogio/aula7/aula7_restored/aula7.vhd Line: 85
Info (12128): Elaborating entity "processadoR_aula" for hierarchy "processadoR_aula:processador" File: C:/Users/guilh/descomp_projRelogio/aula7/aula7_restored/aula7.vhd Line: 89
Info (12128): Elaborating entity "muxGenerico2x1" for hierarchy "processadoR_aula:processador|muxGenerico2x1:MUX1" File: C:/Users/guilh/descomp_projRelogio/aula7/aula7_restored/processador_aula.vhd Line: 53
Info (12128): Elaborating entity "muxGenerico4x1" for hierarchy "processadoR_aula:processador|muxGenerico4x1:MUXJMP" File: C:/Users/guilh/descomp_projRelogio/aula7/aula7_restored/processador_aula.vhd Line: 62
Info (12128): Elaborating entity "registradorGenerico" for hierarchy "processadoR_aula:processador|registradorGenerico:REGA" File: C:/Users/guilh/descomp_projRelogio/aula7/aula7_restored/processador_aula.vhd Line: 71
Info (12128): Elaborating entity "registradorGenerico" for hierarchy "processadoR_aula:processador|registradorGenerico:End_retorno" File: C:/Users/guilh/descomp_projRelogio/aula7/aula7_restored/processador_aula.vhd Line: 80
Info (12128): Elaborating entity "somaConstante" for hierarchy "processadoR_aula:processador|somaConstante:incrementaPC" File: C:/Users/guilh/descomp_projRelogio/aula7/aula7_restored/processador_aula.vhd Line: 88
Info (12128): Elaborating entity "ULASomaSub" for hierarchy "processadoR_aula:processador|ULASomaSub:ULA1" File: C:/Users/guilh/descomp_projRelogio/aula7/aula7_restored/processador_aula.vhd Line: 92
Info (12128): Elaborating entity "decoder" for hierarchy "processadoR_aula:processador|decoder:decoder" File: C:/Users/guilh/descomp_projRelogio/aula7/aula7_restored/processador_aula.vhd Line: 96
Info (12128): Elaborating entity "decoder3x8" for hierarchy "decoder3x8:decoder_blocos" File: C:/Users/guilh/descomp_projRelogio/aula7/aula7_restored/aula7.vhd Line: 92
Info (12128): Elaborating entity "conversorHex7Seg" for hierarchy "conversorHex7Seg:decoder_binario1" File: C:/Users/guilh/descomp_projRelogio/aula7/aula7_restored/aula7.vhd Line: 109
Info (12128): Elaborating entity "registradorGenerico" for hierarchy "registradorGenerico:REG_4bit1" File: C:/Users/guilh/descomp_projRelogio/aula7/aula7_restored/aula7.vhd Line: 117
Info (12128): Elaborating entity "buffer_3_state_8portas" for hierarchy "buffer_3_state_8portas:buffer_3state" File: C:/Users/guilh/descomp_projRelogio/aula7/aula7_restored/aula7.vhd Line: 124
Info (12128): Elaborating entity "buffer_3_state_1porta" for hierarchy "buffer_3_state_1porta:buffer_3state_1SW8" File: C:/Users/guilh/descomp_projRelogio/aula7/aula7_restored/aula7.vhd Line: 130
Info (276014): Found 1 instances of uninferred RAM logic
    Info (276007): RAM logic "memoriaRAM:MemoriaRAM|ram" is uninferred due to asynchronous read logic File: C:/Users/guilh/descomp_projRelogio/aula7/aula7_restored/memoriaRAM.vhd Line: 28
Warning (13046): Tri-state node(s) do not directly drive top-level pin(s)
    Warning (13048): Converted tri-state node "dadolidoRAM[7]" into a selector File: C:/Users/guilh/descomp_projRelogio/aula7/aula7_restored/muxGenerico2x1.vhd Line: 10
    Warning (13048): Converted tri-state node "dadolidoRAM[6]" into a selector File: C:/Users/guilh/descomp_projRelogio/aula7/aula7_restored/muxGenerico2x1.vhd Line: 10
    Warning (13048): Converted tri-state node "dadolidoRAM[5]" into a selector File: C:/Users/guilh/descomp_projRelogio/aula7/aula7_restored/muxGenerico2x1.vhd Line: 10
    Warning (13048): Converted tri-state node "dadolidoRAM[4]" into a selector File: C:/Users/guilh/descomp_projRelogio/aula7/aula7_restored/muxGenerico2x1.vhd Line: 10
    Warning (13048): Converted tri-state node "dadolidoRAM[3]" into a selector File: C:/Users/guilh/descomp_projRelogio/aula7/aula7_restored/muxGenerico2x1.vhd Line: 10
    Warning (13048): Converted tri-state node "dadolidoRAM[2]" into a selector File: C:/Users/guilh/descomp_projRelogio/aula7/aula7_restored/muxGenerico2x1.vhd Line: 10
    Warning (13048): Converted tri-state node "dadolidoRAM[1]" into a selector File: C:/Users/guilh/descomp_projRelogio/aula7/aula7_restored/muxGenerico2x1.vhd Line: 10
    Warning (13048): Converted tri-state node "dadolidoRAM[0]" into a selector File: C:/Users/guilh/descomp_projRelogio/aula7/aula7_restored/muxGenerico2x1.vhd Line: 10
Warning (13024): Output pins are stuck at VCC or GND
    Warning (13410): Pin "LEDR[0]" is stuck at GND File: C:/Users/guilh/descomp_projRelogio/aula7/aula7_restored/aula7.vhd Line: 16
    Warning (13410): Pin "LEDR[1]" is stuck at GND File: C:/Users/guilh/descomp_projRelogio/aula7/aula7_restored/aula7.vhd Line: 16
    Warning (13410): Pin "LEDR[2]" is stuck at GND File: C:/Users/guilh/descomp_projRelogio/aula7/aula7_restored/aula7.vhd Line: 16
    Warning (13410): Pin "LEDR[3]" is stuck at GND File: C:/Users/guilh/descomp_projRelogio/aula7/aula7_restored/aula7.vhd Line: 16
    Warning (13410): Pin "LEDR[4]" is stuck at GND File: C:/Users/guilh/descomp_projRelogio/aula7/aula7_restored/aula7.vhd Line: 16
    Warning (13410): Pin "LEDR[5]" is stuck at GND File: C:/Users/guilh/descomp_projRelogio/aula7/aula7_restored/aula7.vhd Line: 16
    Warning (13410): Pin "LEDR[6]" is stuck at GND File: C:/Users/guilh/descomp_projRelogio/aula7/aula7_restored/aula7.vhd Line: 16
    Warning (13410): Pin "LEDR[7]" is stuck at GND File: C:/Users/guilh/descomp_projRelogio/aula7/aula7_restored/aula7.vhd Line: 16
    Warning (13410): Pin "LEDR[8]" is stuck at GND File: C:/Users/guilh/descomp_projRelogio/aula7/aula7_restored/aula7.vhd Line: 16
    Warning (13410): Pin "LEDR[9]" is stuck at GND File: C:/Users/guilh/descomp_projRelogio/aula7/aula7_restored/aula7.vhd Line: 16
Info (286030): Timing-Driven Synthesis is running
Info (17049): 6 registers lost all their fanouts during netlist optimizations.
Info (16010): Generating hard_block partition "hard_block:auto_generated_inst"
    Info (16011): Adding 0 node(s), including 0 DDIO, 0 PLL, 0 transceiver and 0 LCELL
Warning (21074): Design contains 11 input pin(s) that do not drive logic
    Warning (15610): No output dependent on input pin "CLOCK_50" File: C:/Users/guilh/descomp_projRelogio/aula7/aula7_restored/aula7.vhd Line: 13
    Warning (15610): No output dependent on input pin "rst" File: C:/Users/guilh/descomp_projRelogio/aula7/aula7_restored/aula7.vhd Line: 14
    Warning (15610): No output dependent on input pin "KEY[1]" File: C:/Users/guilh/descomp_projRelogio/aula7/aula7_restored/aula7.vhd Line: 15
    Warning (15610): No output dependent on input pin "KEY[2]" File: C:/Users/guilh/descomp_projRelogio/aula7/aula7_restored/aula7.vhd Line: 15
    Warning (15610): No output dependent on input pin "KEY[3]" File: C:/Users/guilh/descomp_projRelogio/aula7/aula7_restored/aula7.vhd Line: 15
    Warning (15610): No output dependent on input pin "SW[8]" File: C:/Users/guilh/descomp_projRelogio/aula7/aula7_restored/aula7.vhd Line: 18
    Warning (15610): No output dependent on input pin "SW[9]" File: C:/Users/guilh/descomp_projRelogio/aula7/aula7_restored/aula7.vhd Line: 18
    Warning (15610): No output dependent on input pin "SW[4]" File: C:/Users/guilh/descomp_projRelogio/aula7/aula7_restored/aula7.vhd Line: 18
    Warning (15610): No output dependent on input pin "SW[5]" File: C:/Users/guilh/descomp_projRelogio/aula7/aula7_restored/aula7.vhd Line: 18
    Warning (15610): No output dependent on input pin "SW[6]" File: C:/Users/guilh/descomp_projRelogio/aula7/aula7_restored/aula7.vhd Line: 18
    Warning (15610): No output dependent on input pin "SW[7]" File: C:/Users/guilh/descomp_projRelogio/aula7/aula7_restored/aula7.vhd Line: 18
Info (21057): Implemented 101 device resources after synthesis - the final resource count might be different
    Info (21058): Implemented 16 input pins
    Info (21059): Implemented 33 output pins
    Info (21061): Implemented 52 logic cells
Info: Quartus Prime Analysis & Synthesis was successful. 0 errors, 32 warnings
    Info: Peak virtual memory: 4885 megabytes
    Info: Processing ended: Tue Apr 19 23:38:06 2022
    Info: Elapsed time: 00:00:08
    Info: Total CPU time (on all processors): 00:00:18


